[0.016s] Invoking command in '/home/icore/Desktop/FleetGlue/build/mission_action': CMAKE_PREFIX_PATH=${CMAKE_PREFIX_PATH}:/home/icore/Desktop/FleetGlue/install/fleet_mission:/opt/ros/humble /usr/bin/cmake --build /home/icore/Desktop/FleetGlue/build/mission_action -- -j4 -l4
[0.093s] [  3%] Built target mission_action__cpp
[0.093s] [ 12%] Built target mission_action__rosidl_generator_c
[0.110s] [ 12%] Built target ament_cmake_python_copy_mission_action
[0.144s] [ 22%] Built target mission_action__rosidl_typesupport_cpp
[0.148s] [ 32%] Built target mission_action__rosidl_typesupport_introspection_c
[0.150s] [ 41%] Built target mission_action__rosidl_typesupport_fastrtps_cpp
[0.167s] [ 51%] Built target mission_action__rosidl_typesupport_c
[0.186s] [ 61%] Built target mission_action__rosidl_typesupport_introspection_cpp
[0.193s] [ 70%] Built target mission_action__rosidl_typesupport_fastrtps_c
[0.230s] [ 70%] Built target mission_action
[0.267s] [ 74%] Built target mission_action__py
[0.316s] [ 80%] Built target mission_action__rosidl_generator_py
[0.363s] [ 87%] Built target mission_action__rosidl_typesupport_fastrtps_c__pyext
[0.364s] [ 93%] Built target mission_action__rosidl_typesupport_introspection_c__pyext
[0.366s] [100%] Built target mission_action__rosidl_typesupport_c__pyext
[0.505s] running egg_info
[0.506s] writing mission_action.egg-info/PKG-INFO
[0.507s] writing dependency_links to mission_action.egg-info/dependency_links.txt
[0.507s] writing top-level names to mission_action.egg-info/top_level.txt
[0.511s] reading manifest file 'mission_action.egg-info/SOURCES.txt'
[0.512s] writing manifest file 'mission_action.egg-info/SOURCES.txt'
[0.555s] [100%] Built target ament_cmake_python_build_mission_action_egg
[0.572s] Invoked command in '/home/icore/Desktop/FleetGlue/build/mission_action' returned '0': CMAKE_PREFIX_PATH=${CMAKE_PREFIX_PATH}:/home/icore/Desktop/FleetGlue/install/fleet_mission:/opt/ros/humble /usr/bin/cmake --build /home/icore/Desktop/FleetGlue/build/mission_action -- -j4 -l4
[0.682s] Invoking command in '/home/icore/Desktop/FleetGlue/build/mission_action': CMAKE_PREFIX_PATH=${CMAKE_PREFIX_PATH}:/home/icore/Desktop/FleetGlue/install/fleet_mission:/opt/ros/humble /usr/bin/cmake --install /home/icore/Desktop/FleetGlue/build/mission_action
[0.694s] -- Install configuration: ""
[0.694s] -- Up-to-date: /home/icore/Desktop/FleetGlue/install/mission_action/share/ament_index/resource_index/rosidl_interfaces/mission_action
[0.694s] -- Up-to-date: /home/icore/Desktop/FleetGlue/install/mission_action/include/mission_action/mission_action
[0.694s] -- Up-to-date: /home/icore/Desktop/FleetGlue/install/mission_action/include/mission_action/mission_action/action
[0.694s] -- Up-to-date: /home/icore/Desktop/FleetGlue/install/mission_action/include/mission_action/mission_action/action/mission_action.h
[0.694s] -- Up-to-date: /home/icore/Desktop/FleetGlue/install/mission_action/include/mission_action/mission_action/action/detail
[0.694s] -- Up-to-date: /home/icore/Desktop/FleetGlue/install/mission_action/include/mission_action/mission_action/action/detail/mission_action__struct.h
[0.694s] -- Up-to-date: /home/icore/Desktop/FleetGlue/install/mission_action/include/mission_action/mission_action/action/detail/mission_action__functions.h
[0.694s] -- Up-to-date: /home/icore/Desktop/FleetGlue/install/mission_action/include/mission_action/mission_action/action/detail/mission_action__functions.c
[0.694s] -- Up-to-date: /home/icore/Desktop/FleetGlue/install/mission_action/include/mission_action/mission_action/action/detail/mission_action__type_support.h
[0.694s] -- Up-to-date: /home/icore/Desktop/FleetGlue/install/mission_action/include/mission_action/mission_action/msg
[0.695s] -- Up-to-date: /home/icore/Desktop/FleetGlue/install/mission_action/include/mission_action/mission_action/msg/rosidl_generator_c__visibility_control.h
[0.696s] -- Up-to-date: /home/icore/Desktop/FleetGlue/install/mission_action/share/mission_action/environment/library_path.sh
[0.696s] -- Up-to-date: /home/icore/Desktop/FleetGlue/install/mission_action/share/mission_action/environment/library_path.dsv
[0.697s] -- Up-to-date: /home/icore/Desktop/FleetGlue/install/mission_action/lib/libmission_action__rosidl_generator_c.so
[0.697s] -- Up-to-date: /home/icore/Desktop/FleetGlue/install/mission_action/include/mission_action/mission_action
[0.697s] -- Up-to-date: /home/icore/Desktop/FleetGlue/install/mission_action/include/mission_action/mission_action/action
[0.697s] -- Up-to-date: /home/icore/Desktop/FleetGlue/install/mission_action/include/mission_action/mission_action/action/detail
[0.697s] -- Up-to-date: /home/icore/Desktop/FleetGlue/install/mission_action/include/mission_action/mission_action/action/detail/mission_action__rosidl_typesupport_fastrtps_c.h
[0.697s] -- Up-to-date: /home/icore/Desktop/FleetGlue/install/mission_action/include/mission_action/mission_action/msg
[0.697s] -- Up-to-date: /home/icore/Desktop/FleetGlue/install/mission_action/include/mission_action/mission_action/msg/rosidl_typesupport_fastrtps_c__visibility_control.h
[0.697s] -- Up-to-date: /home/icore/Desktop/FleetGlue/install/mission_action/lib/libmission_action__rosidl_typesupport_fastrtps_c.so
[0.697s] -- Up-to-date: /home/icore/Desktop/FleetGlue/install/mission_action/include/mission_action/mission_action
[0.697s] -- Up-to-date: /home/icore/Desktop/FleetGlue/install/mission_action/include/mission_action/mission_action/action
[0.697s] -- Up-to-date: /home/icore/Desktop/FleetGlue/install/mission_action/include/mission_action/mission_action/action/mission_action.hpp
[0.697s] -- Up-to-date: /home/icore/Desktop/FleetGlue/install/mission_action/include/mission_action/mission_action/action/detail
[0.697s] -- Up-to-date: /home/icore/Desktop/FleetGlue/install/mission_action/include/mission_action/mission_action/action/detail/mission_action__traits.hpp
[0.698s] -- Up-to-date: /home/icore/Desktop/FleetGlue/install/mission_action/include/mission_action/mission_action/action/detail/mission_action__builder.hpp
[0.698s] -- Up-to-date: /home/icore/Desktop/FleetGlue/install/mission_action/include/mission_action/mission_action/action/detail/mission_action__struct.hpp
[0.698s] -- Up-to-date: /home/icore/Desktop/FleetGlue/install/mission_action/include/mission_action/mission_action
[0.698s] -- Up-to-date: /home/icore/Desktop/FleetGlue/install/mission_action/include/mission_action/mission_action/action
[0.698s] -- Up-to-date: /home/icore/Desktop/FleetGlue/install/mission_action/include/mission_action/mission_action/action/detail
[0.698s] -- Up-to-date: /home/icore/Desktop/FleetGlue/install/mission_action/include/mission_action/mission_action/action/detail/dds_fastrtps
[0.698s] -- Up-to-date: /home/icore/Desktop/FleetGlue/install/mission_action/include/mission_action/mission_action/action/detail/mission_action__rosidl_typesupport_fastrtps_cpp.hpp
[0.698s] -- Up-to-date: /home/icore/Desktop/FleetGlue/install/mission_action/include/mission_action/mission_action/msg
[0.698s] -- Up-to-date: /home/icore/Desktop/FleetGlue/install/mission_action/include/mission_action/mission_action/msg/rosidl_typesupport_fastrtps_cpp__visibility_control.h
[0.698s] -- Up-to-date: /home/icore/Desktop/FleetGlue/install/mission_action/lib/libmission_action__rosidl_typesupport_fastrtps_cpp.so
[0.698s] -- Up-to-date: /home/icore/Desktop/FleetGlue/install/mission_action/include/mission_action/mission_action
[0.699s] -- Up-to-date: /home/icore/Desktop/FleetGlue/install/mission_action/include/mission_action/mission_action/action
[0.699s] -- Up-to-date: /home/icore/Desktop/FleetGlue/install/mission_action/include/mission_action/mission_action/action/detail
[0.700s] -- Up-to-date: /home/icore/Desktop/FleetGlue/install/mission_action/include/mission_action/mission_action/action/detail/mission_action__rosidl_typesupport_introspection_c.h
[0.700s] -- Up-to-date: /home/icore/Desktop/FleetGlue/install/mission_action/include/mission_action/mission_action/action/detail/mission_action__type_support.c
[0.700s] -- Up-to-date: /home/icore/Desktop/FleetGlue/install/mission_action/include/mission_action/mission_action/msg
[0.700s] -- Up-to-date: /home/icore/Desktop/FleetGlue/install/mission_action/include/mission_action/mission_action/msg/rosidl_typesupport_introspection_c__visibility_control.h
[0.700s] -- Up-to-date: /home/icore/Desktop/FleetGlue/install/mission_action/lib/libmission_action__rosidl_typesupport_introspection_c.so
[0.700s] -- Up-to-date: /home/icore/Desktop/FleetGlue/install/mission_action/lib/libmission_action__rosidl_typesupport_c.so
[0.700s] -- Up-to-date: /home/icore/Desktop/FleetGlue/install/mission_action/include/mission_action/mission_action
[0.700s] -- Up-to-date: /home/icore/Desktop/FleetGlue/install/mission_action/include/mission_action/mission_action/action
[0.700s] -- Up-to-date: /home/icore/Desktop/FleetGlue/install/mission_action/include/mission_action/mission_action/action/detail
[0.700s] -- Up-to-date: /home/icore/Desktop/FleetGlue/install/mission_action/include/mission_action/mission_action/action/detail/mission_action__rosidl_typesupport_introspection_cpp.hpp
[0.700s] -- Up-to-date: /home/icore/Desktop/FleetGlue/install/mission_action/include/mission_action/mission_action/action/detail/mission_action__type_support.cpp
[0.701s] -- Up-to-date: /home/icore/Desktop/FleetGlue/install/mission_action/lib/libmission_action__rosidl_typesupport_introspection_cpp.so
[0.701s] -- Up-to-date: /home/icore/Desktop/FleetGlue/install/mission_action/lib/libmission_action__rosidl_typesupport_cpp.so
[0.701s] -- Up-to-date: /home/icore/Desktop/FleetGlue/install/mission_action/share/mission_action/environment/pythonpath.sh
[0.701s] -- Up-to-date: /home/icore/Desktop/FleetGlue/install/mission_action/share/mission_action/environment/pythonpath.dsv
[0.701s] -- Up-to-date: /home/icore/Desktop/FleetGlue/install/mission_action/local/lib/python3.10/dist-packages/mission_action-0.0.0-py3.10.egg-info
[0.701s] -- Installing: /home/icore/Desktop/FleetGlue/install/mission_action/local/lib/python3.10/dist-packages/mission_action-0.0.0-py3.10.egg-info/dependency_links.txt
[0.702s] -- Installing: /home/icore/Desktop/FleetGlue/install/mission_action/local/lib/python3.10/dist-packages/mission_action-0.0.0-py3.10.egg-info/SOURCES.txt
[0.704s] -- Installing: /home/icore/Desktop/FleetGlue/install/mission_action/local/lib/python3.10/dist-packages/mission_action-0.0.0-py3.10.egg-info/PKG-INFO
[0.704s] -- Installing: /home/icore/Desktop/FleetGlue/install/mission_action/local/lib/python3.10/dist-packages/mission_action-0.0.0-py3.10.egg-info/top_level.txt
[0.704s] -- Up-to-date: /home/icore/Desktop/FleetGlue/install/mission_action/local/lib/python3.10/dist-packages/mission_action
[0.704s] -- Up-to-date: /home/icore/Desktop/FleetGlue/install/mission_action/local/lib/python3.10/dist-packages/mission_action/mission_action_s__rosidl_typesupport_introspection_c.cpython-310-x86_64-linux-gnu.so
[0.704s] -- Up-to-date: /home/icore/Desktop/FleetGlue/install/mission_action/local/lib/python3.10/dist-packages/mission_action/action
[0.704s] -- Up-to-date: /home/icore/Desktop/FleetGlue/install/mission_action/local/lib/python3.10/dist-packages/mission_action/action/__init__.py
[0.704s] -- Up-to-date: /home/icore/Desktop/FleetGlue/install/mission_action/local/lib/python3.10/dist-packages/mission_action/action/_mission_action.py
[0.705s] -- Up-to-date: /home/icore/Desktop/FleetGlue/install/mission_action/local/lib/python3.10/dist-packages/mission_action/action/_mission_action_s.c
[0.705s] -- Up-to-date: /home/icore/Desktop/FleetGlue/install/mission_action/local/lib/python3.10/dist-packages/mission_action/libmission_action__rosidl_generator_py.so
[0.705s] -- Up-to-date: /home/icore/Desktop/FleetGlue/install/mission_action/local/lib/python3.10/dist-packages/mission_action/_mission_action_s.ep.rosidl_typesupport_fastrtps_c.c
[0.705s] -- Up-to-date: /home/icore/Desktop/FleetGlue/install/mission_action/local/lib/python3.10/dist-packages/mission_action/__init__.py
[0.705s] -- Up-to-date: /home/icore/Desktop/FleetGlue/install/mission_action/local/lib/python3.10/dist-packages/mission_action/mission_action_s__rosidl_typesupport_c.cpython-310-x86_64-linux-gnu.so
[0.705s] -- Up-to-date: /home/icore/Desktop/FleetGlue/install/mission_action/local/lib/python3.10/dist-packages/mission_action/_mission_action_s.ep.rosidl_typesupport_introspection_c.c
[0.705s] -- Up-to-date: /home/icore/Desktop/FleetGlue/install/mission_action/local/lib/python3.10/dist-packages/mission_action/mission_action_s__rosidl_typesupport_fastrtps_c.cpython-310-x86_64-linux-gnu.so
[0.705s] -- Up-to-date: /home/icore/Desktop/FleetGlue/install/mission_action/local/lib/python3.10/dist-packages/mission_action/_mission_action_s.ep.rosidl_typesupport_c.c
[0.749s] Listing '/home/icore/Desktop/FleetGlue/install/mission_action/local/lib/python3.10/dist-packages/mission_action'...
[0.749s] Listing '/home/icore/Desktop/FleetGlue/install/mission_action/local/lib/python3.10/dist-packages/mission_action/action'...
[0.754s] -- Up-to-date: /home/icore/Desktop/FleetGlue/install/mission_action/local/lib/python3.10/dist-packages/mission_action/mission_action_s__rosidl_typesupport_fastrtps_c.cpython-310-x86_64-linux-gnu.so
[0.754s] -- Up-to-date: /home/icore/Desktop/FleetGlue/install/mission_action/local/lib/python3.10/dist-packages/mission_action/mission_action_s__rosidl_typesupport_introspection_c.cpython-310-x86_64-linux-gnu.so
[0.755s] -- Up-to-date: /home/icore/Desktop/FleetGlue/install/mission_action/local/lib/python3.10/dist-packages/mission_action/mission_action_s__rosidl_typesupport_c.cpython-310-x86_64-linux-gnu.so
[0.755s] -- Up-to-date: /home/icore/Desktop/FleetGlue/install/mission_action/lib/libmission_action__rosidl_generator_py.so
[0.756s] -- Up-to-date: /home/icore/Desktop/FleetGlue/install/mission_action/share/mission_action/action/MissionAction.idl
[0.756s] -- Up-to-date: /home/icore/Desktop/FleetGlue/install/mission_action/share/mission_action/action/MissionAction.action
[0.756s] -- Up-to-date: /home/icore/Desktop/FleetGlue/install/mission_action/share/ament_index/resource_index/package_run_dependencies/mission_action
[0.757s] -- Up-to-date: /home/icore/Desktop/FleetGlue/install/mission_action/share/ament_index/resource_index/parent_prefix_path/mission_action
[0.757s] -- Up-to-date: /home/icore/Desktop/FleetGlue/install/mission_action/share/mission_action/environment/ament_prefix_path.sh
[0.758s] -- Up-to-date: /home/icore/Desktop/FleetGlue/install/mission_action/share/mission_action/environment/ament_prefix_path.dsv
[0.758s] -- Up-to-date: /home/icore/Desktop/FleetGlue/install/mission_action/share/mission_action/environment/path.sh
[0.758s] -- Up-to-date: /home/icore/Desktop/FleetGlue/install/mission_action/share/mission_action/environment/path.dsv
[0.758s] -- Up-to-date: /home/icore/Desktop/FleetGlue/install/mission_action/share/mission_action/local_setup.bash
[0.758s] -- Up-to-date: /home/icore/Desktop/FleetGlue/install/mission_action/share/mission_action/local_setup.sh
[0.758s] -- Up-to-date: /home/icore/Desktop/FleetGlue/install/mission_action/share/mission_action/local_setup.zsh
[0.758s] -- Up-to-date: /home/icore/Desktop/FleetGlue/install/mission_action/share/mission_action/local_setup.dsv
[0.758s] -- Installing: /home/icore/Desktop/FleetGlue/install/mission_action/share/mission_action/package.dsv
[0.758s] -- Up-to-date: /home/icore/Desktop/FleetGlue/install/mission_action/share/ament_index/resource_index/packages/mission_action
[0.759s] -- Up-to-date: /home/icore/Desktop/FleetGlue/install/mission_action/share/mission_action/cmake/export_mission_action__rosidl_generator_cExport.cmake
[0.759s] -- Up-to-date: /home/icore/Desktop/FleetGlue/install/mission_action/share/mission_action/cmake/export_mission_action__rosidl_generator_cExport-noconfig.cmake
[0.759s] -- Up-to-date: /home/icore/Desktop/FleetGlue/install/mission_action/share/mission_action/cmake/export_mission_action__rosidl_typesupport_fastrtps_cExport.cmake
[0.759s] -- Up-to-date: /home/icore/Desktop/FleetGlue/install/mission_action/share/mission_action/cmake/export_mission_action__rosidl_typesupport_fastrtps_cExport-noconfig.cmake
[0.759s] -- Up-to-date: /home/icore/Desktop/FleetGlue/install/mission_action/share/mission_action/cmake/export_mission_action__rosidl_generator_cppExport.cmake
[0.759s] -- Up-to-date: /home/icore/Desktop/FleetGlue/install/mission_action/share/mission_action/cmake/export_mission_action__rosidl_typesupport_fastrtps_cppExport.cmake
[0.759s] -- Up-to-date: /home/icore/Desktop/FleetGlue/install/mission_action/share/mission_action/cmake/export_mission_action__rosidl_typesupport_fastrtps_cppExport-noconfig.cmake
[0.759s] -- Up-to-date: /home/icore/Desktop/FleetGlue/install/mission_action/share/mission_action/cmake/mission_action__rosidl_typesupport_introspection_cExport.cmake
[0.759s] -- Up-to-date: /home/icore/Desktop/FleetGlue/install/mission_action/share/mission_action/cmake/mission_action__rosidl_typesupport_introspection_cExport-noconfig.cmake
[0.759s] -- Up-to-date: /home/icore/Desktop/FleetGlue/install/mission_action/share/mission_action/cmake/mission_action__rosidl_typesupport_cExport.cmake
[0.759s] -- Up-to-date: /home/icore/Desktop/FleetGlue/install/mission_action/share/mission_action/cmake/mission_action__rosidl_typesupport_cExport-noconfig.cmake
[0.759s] -- Up-to-date: /home/icore/Desktop/FleetGlue/install/mission_action/share/mission_action/cmake/mission_action__rosidl_typesupport_introspection_cppExport.cmake
[0.759s] -- Up-to-date: /home/icore/Desktop/FleetGlue/install/mission_action/share/mission_action/cmake/mission_action__rosidl_typesupport_introspection_cppExport-noconfig.cmake
[0.760s] -- Up-to-date: /home/icore/Desktop/FleetGlue/install/mission_action/share/mission_action/cmake/mission_action__rosidl_typesupport_cppExport.cmake
[0.760s] -- Up-to-date: /home/icore/Desktop/FleetGlue/install/mission_action/share/mission_action/cmake/mission_action__rosidl_typesupport_cppExport-noconfig.cmake
[0.761s] -- Up-to-date: /home/icore/Desktop/FleetGlue/install/mission_action/share/mission_action/cmake/export_mission_action__rosidl_generator_pyExport.cmake
[0.761s] -- Up-to-date: /home/icore/Desktop/FleetGlue/install/mission_action/share/mission_action/cmake/export_mission_action__rosidl_generator_pyExport-noconfig.cmake
[0.761s] -- Up-to-date: /home/icore/Desktop/FleetGlue/install/mission_action/share/mission_action/cmake/rosidl_cmake-extras.cmake
[0.761s] -- Up-to-date: /home/icore/Desktop/FleetGlue/install/mission_action/share/mission_action/cmake/ament_cmake_export_dependencies-extras.cmake
[0.761s] -- Up-to-date: /home/icore/Desktop/FleetGlue/install/mission_action/share/mission_action/cmake/ament_cmake_export_include_directories-extras.cmake
[0.761s] -- Up-to-date: /home/icore/Desktop/FleetGlue/install/mission_action/share/mission_action/cmake/ament_cmake_export_libraries-extras.cmake
[0.761s] -- Up-to-date: /home/icore/Desktop/FleetGlue/install/mission_action/share/mission_action/cmake/ament_cmake_export_targets-extras.cmake
[0.761s] -- Up-to-date: /home/icore/Desktop/FleetGlue/install/mission_action/share/mission_action/cmake/rosidl_cmake_export_typesupport_targets-extras.cmake
[0.762s] -- Up-to-date: /home/icore/Desktop/FleetGlue/install/mission_action/share/mission_action/cmake/rosidl_cmake_export_typesupport_libraries-extras.cmake
[0.762s] -- Up-to-date: /home/icore/Desktop/FleetGlue/install/mission_action/share/mission_action/cmake/mission_actionConfig.cmake
[0.762s] -- Up-to-date: /home/icore/Desktop/FleetGlue/install/mission_action/share/mission_action/cmake/mission_actionConfig-version.cmake
[0.762s] -- Up-to-date: /home/icore/Desktop/FleetGlue/install/mission_action/share/mission_action/package.xml
[0.764s] Invoked command in '/home/icore/Desktop/FleetGlue/build/mission_action' returned '0': CMAKE_PREFIX_PATH=${CMAKE_PREFIX_PATH}:/home/icore/Desktop/FleetGlue/install/fleet_mission:/opt/ros/humble /usr/bin/cmake --install /home/icore/Desktop/FleetGlue/build/mission_action
