running egg_info
creating ../../build/fleet_mission/fleet_mission.egg-info
writing ../../build/fleet_mission/fleet_mission.egg-info/PKG-INFO
writing dependency_links to ../../build/fleet_mission/fleet_mission.egg-info/dependency_links.txt
writing entry points to ../../build/fleet_mission/fleet_mission.egg-info/entry_points.txt
writing requirements to ../../build/fleet_mission/fleet_mission.egg-info/requires.txt
writing top-level names to ../../build/fleet_mission/fleet_mission.egg-info/top_level.txt
writing manifest file '../../build/fleet_mission/fleet_mission.egg-info/SOURCES.txt'
reading manifest file '../../build/fleet_mission/fleet_mission.egg-info/SOURCES.txt'
writing manifest file '../../build/fleet_mission/fleet_mission.egg-info/SOURCES.txt'
running build
running build_py
creating /home/icore/Desktop/FleetGlue/build/fleet_mission/build
creating /home/icore/Desktop/FleetGlue/build/fleet_mission/build/lib
creating /home/icore/Desktop/FleetGlue/build/fleet_mission/build/lib/fleet_mission
copying fleet_mission/__init__.py -> /home/icore/Desktop/FleetGlue/build/fleet_mission/build/lib/fleet_mission
copying fleet_mission/rn1.py -> /home/icore/Desktop/FleetGlue/build/fleet_mission/build/lib/fleet_mission
copying fleet_mission/rn2.py -> /home/icore/Desktop/FleetGlue/build/fleet_mission/build/lib/fleet_mission
copying fleet_mission/api.py -> /home/icore/Desktop/FleetGlue/build/fleet_mission/build/lib/fleet_mission
running install
running install_lib
creating /home/icore/Desktop/FleetGlue/install/fleet_mission/lib/python3.10/site-packages/fleet_mission
copying /home/icore/Desktop/FleetGlue/build/fleet_mission/build/lib/fleet_mission/api.py -> /home/icore/Desktop/FleetGlue/install/fleet_mission/lib/python3.10/site-packages/fleet_mission
copying /home/icore/Desktop/FleetGlue/build/fleet_mission/build/lib/fleet_mission/rn2.py -> /home/icore/Desktop/FleetGlue/install/fleet_mission/lib/python3.10/site-packages/fleet_mission
copying /home/icore/Desktop/FleetGlue/build/fleet_mission/build/lib/fleet_mission/__init__.py -> /home/icore/Desktop/FleetGlue/install/fleet_mission/lib/python3.10/site-packages/fleet_mission
copying /home/icore/Desktop/FleetGlue/build/fleet_mission/build/lib/fleet_mission/rn1.py -> /home/icore/Desktop/FleetGlue/install/fleet_mission/lib/python3.10/site-packages/fleet_mission
byte-compiling /home/icore/Desktop/FleetGlue/install/fleet_mission/lib/python3.10/site-packages/fleet_mission/api.py to api.cpython-310.pyc
byte-compiling /home/icore/Desktop/FleetGlue/install/fleet_mission/lib/python3.10/site-packages/fleet_mission/rn2.py to rn2.cpython-310.pyc
byte-compiling /home/icore/Desktop/FleetGlue/install/fleet_mission/lib/python3.10/site-packages/fleet_mission/__init__.py to __init__.cpython-310.pyc
byte-compiling /home/icore/Desktop/FleetGlue/install/fleet_mission/lib/python3.10/site-packages/fleet_mission/rn1.py to rn1.cpython-310.pyc
running install_data
creating /home/icore/Desktop/FleetGlue/install/fleet_mission/share
creating /home/icore/Desktop/FleetGlue/install/fleet_mission/share/ament_index
creating /home/icore/Desktop/FleetGlue/install/fleet_mission/share/ament_index/resource_index
creating /home/icore/Desktop/FleetGlue/install/fleet_mission/share/ament_index/resource_index/packages
copying resource/fleet_mission -> /home/icore/Desktop/FleetGlue/install/fleet_mission/share/ament_index/resource_index/packages
creating /home/icore/Desktop/FleetGlue/install/fleet_mission/share/fleet_mission
copying package.xml -> /home/icore/Desktop/FleetGlue/install/fleet_mission/share/fleet_mission
running install_egg_info
Copying ../../build/fleet_mission/fleet_mission.egg-info to /home/icore/Desktop/FleetGlue/install/fleet_mission/lib/python3.10/site-packages/fleet_mission-0.0.1-py3.10.egg-info
running install_scripts
Installing rn1 script to /home/icore/Desktop/FleetGlue/install/fleet_mission/lib/fleet_mission
Installing rn2 script to /home/icore/Desktop/FleetGlue/install/fleet_mission/lib/fleet_mission
writing list of installed files to '/home/icore/Desktop/FleetGlue/build/fleet_mission/install.log'
