[0.016s] Invoking command in '/home/icore/Desktop/FleetGlue/build/mission_action': CMAKE_PREFIX_PATH=${CMAKE_PREFIX_PATH}:/home/icore/Desktop/FleetGlue/install/fleet_mission:/opt/ros/humble /usr/bin/cmake --build /home/icore/Desktop/FleetGlue/build/mission_action -- -j4 -l4
[0.060s] -- Found ament_cmake: 1.3.10 (/opt/ros/humble/share/ament_cmake/cmake)
[0.250s] -- Found action_msgs: 1.2.1 (/opt/ros/humble/share/action_msgs/cmake)
[0.281s] -- Found rosidl_generator_c: 3.1.5 (/opt/ros/humble/share/rosidl_generator_c/cmake)
[0.284s] -- Found rosidl_adapter: 3.1.5 (/opt/ros/humble/share/rosidl_adapter/cmake)
[0.292s] -- Found rosidl_generator_cpp: 3.1.5 (/opt/ros/humble/share/rosidl_generator_cpp/cmake)
[0.305s] -- Using all available rosidl_typesupport_c: rosidl_typesupport_fastrtps_c;rosidl_typesupport_introspection_c
[0.330s] -- Using all available rosidl_typesupport_cpp: rosidl_typesupport_fastrtps_cpp;rosidl_typesupport_introspection_cpp
[0.369s] -- Found rclcpp: 16.0.10 (/opt/ros/humble/share/rclcpp/cmake)
[0.401s] -- Found rmw_implementation_cmake: 6.1.2 (/opt/ros/humble/share/rmw_implementation_cmake/cmake)
[0.403s] -- Found rmw_fastrtps_cpp: 6.2.7 (/opt/ros/humble/share/rmw_fastrtps_cpp/cmake)
[0.540s] -- Using RMW implementation 'rmw_fastrtps_cpp' as default
[0.597s] -- Found rosidl_default_generators: 1.2.0 (/opt/ros/humble/share/rosidl_default_generators/cmake)
[0.962s] -- Found ament_cmake_ros: 0.10.0 (/opt/ros/humble/share/ament_cmake_ros/cmake)
[1.385s] -- Using all available rosidl_typesupport_c: rosidl_typesupport_fastrtps_c;rosidl_typesupport_introspection_c
[1.554s] -- Using all available rosidl_typesupport_cpp: rosidl_typesupport_fastrtps_cpp;rosidl_typesupport_introspection_cpp
[1.581s] -- Found python_cmake_module: 0.10.0 (/opt/ros/humble/share/python_cmake_module/cmake)
[1.609s] -- Using PYTHON_EXECUTABLE: /usr/bin/python3
[1.609s] -- Using PYTHON_INCLUDE_DIRS: /usr/include/python3.10
[1.609s] -- Using PYTHON_LIBRARIES: /usr/lib/x86_64-linux-gnu/libpython3.10.so
[1.640s] -- Found ament_lint_auto: 0.12.11 (/opt/ros/humble/share/ament_lint_auto/cmake)
[1.653s] -- Added test 'lint_cmake' to check CMake code style
[1.655s] -- Added test 'xmllint' to check XML markup files
[1.657s] -- Configuring done
[1.706s] -- Generating done
[1.710s] -- Build files have been written to: /home/icore/Desktop/FleetGlue/build/mission_action
[1.760s] [  3%] [34m[1mGenerating C code for ROS interfaces[0m
[1.780s] [  6%] [34m[1mGenerating C++ code for ROS interfaces[0m
[1.804s] [  6%] Built target ament_cmake_python_copy_mission_action
[2.181s] running egg_info
[2.182s] writing mission_action.egg-info/PKG-INFO
[2.182s] writing dependency_links to mission_action.egg-info/dependency_links.txt
[2.183s] writing top-level names to mission_action.egg-info/top_level.txt
[2.186s] reading manifest file 'mission_action.egg-info/SOURCES.txt'
[2.187s] writing manifest file 'mission_action.egg-info/SOURCES.txt'
[2.231s] [  6%] Built target ament_cmake_python_build_mission_action_egg
[2.428s] [  6%] Built target mission_action__cpp
[2.464s] [ 12%] [34m[1mGenerating C++ type support for eProsima Fast-RTPS[0m
[2.464s] [ 12%] [34m[1mGenerating C++ type support dispatch for ROS interfaces[0m
[2.464s] [ 16%] [34m[1mGenerating C++ introspection for ROS interfaces[0m
[2.582s] [35m[1mConsolidate compiler generated dependencies of target mission_action__rosidl_generator_c[0m
[2.609s] [ 19%] [32mBuilding C object CMakeFiles/mission_action__rosidl_generator_c.dir/rosidl_generator_c/mission_action/action/detail/mission_action__functions.c.o[0m
[2.778s] [ 22%] [32m[1mLinking C shared library libmission_action__rosidl_generator_c.so[0m
[2.840s] [ 22%] Built target mission_action__rosidl_generator_c
[2.870s] [ 25%] [34m[1mGenerating C type support for eProsima Fast-RTPS[0m
[2.980s] [35m[1mConsolidate compiler generated dependencies of target mission_action__rosidl_typesupport_cpp[0m
[3.000s] [ 29%] [32mBuilding CXX object CMakeFiles/mission_action__rosidl_typesupport_cpp.dir/rosidl_typesupport_cpp/mission_action/action/mission_action__type_support.cpp.o[0m
[3.086s] [35m[1mConsolidate compiler generated dependencies of target mission_action__rosidl_typesupport_introspection_cpp[0m
[3.113s] [ 32%] [32mBuilding CXX object CMakeFiles/mission_action__rosidl_typesupport_introspection_cpp.dir/rosidl_typesupport_introspection_cpp/mission_action/action/detail/mission_action__type_support.cpp.o[0m
[3.359s] [35m[1mConsolidate compiler generated dependencies of target mission_action__rosidl_typesupport_fastrtps_cpp[0m
[3.404s] [ 35%] [32mBuilding CXX object CMakeFiles/mission_action__rosidl_typesupport_fastrtps_cpp.dir/rosidl_typesupport_fastrtps_cpp/mission_action/action/detail/dds_fastrtps/mission_action__type_support.cpp.o[0m
[3.528s] [35m[1mConsolidate compiler generated dependencies of target mission_action__rosidl_typesupport_fastrtps_c[0m
[3.556s] [ 38%] [32mBuilding CXX object CMakeFiles/mission_action__rosidl_typesupport_fastrtps_c.dir/rosidl_typesupport_fastrtps_c/mission_action/action/detail/mission_action__type_support_c.cpp.o[0m
[3.911s] [ 41%] [32m[1mLinking CXX shared library libmission_action__rosidl_typesupport_cpp.so[0m
[3.991s] [ 41%] Built target mission_action__rosidl_typesupport_cpp
[4.012s] [ 45%] [34m[1mGenerating C introspection for ROS interfaces[0m
[4.210s] [ 48%] [32m[1mLinking CXX shared library libmission_action__rosidl_typesupport_fastrtps_cpp.so[0m
[4.312s] [ 51%] [32m[1mLinking CXX shared library libmission_action__rosidl_typesupport_fastrtps_c.so[0m
[4.360s] [ 54%] [32m[1mLinking CXX shared library libmission_action__rosidl_typesupport_introspection_cpp.so[0m
[4.362s] [ 54%] Built target mission_action__rosidl_typesupport_fastrtps_cpp
[4.393s] [ 58%] [34m[1mGenerating C type support dispatch for ROS interfaces[0m
[4.513s] [ 58%] Built target mission_action__rosidl_typesupport_fastrtps_c
[4.567s] [ 58%] Built target mission_action__rosidl_typesupport_introspection_cpp
[4.691s] [35m[1mConsolidate compiler generated dependencies of target mission_action__rosidl_typesupport_introspection_c[0m
[4.707s] [ 61%] [32mBuilding C object CMakeFiles/mission_action__rosidl_typesupport_introspection_c.dir/rosidl_typesupport_introspection_c/mission_action/action/detail/mission_action__type_support.c.o[0m
[4.784s] [ 64%] [32m[1mLinking C shared library libmission_action__rosidl_typesupport_introspection_c.so[0m
[4.829s] [ 64%] Built target mission_action__rosidl_typesupport_introspection_c
[4.835s] [35m[1mConsolidate compiler generated dependencies of target mission_action__rosidl_typesupport_c[0m
[4.858s] [ 67%] [32mBuilding CXX object CMakeFiles/mission_action__rosidl_typesupport_c.dir/rosidl_typesupport_c/mission_action/action/mission_action__type_support.cpp.o[0m
[4.923s] [ 70%] [32m[1mLinking CXX shared library libmission_action__rosidl_typesupport_c.so[0m
[4.989s] [ 70%] Built target mission_action__rosidl_typesupport_c
[5.017s] [ 70%] Built target mission_action
[5.049s] [ 74%] [34m[1mGenerating Python code for ROS interfaces[0m
[5.999s] [ 74%] Built target mission_action__py
[6.014s] [35m[1mConsolidate compiler generated dependencies of target mission_action__rosidl_generator_py[0m
[6.034s] [ 77%] [32mBuilding C object CMakeFiles/mission_action__rosidl_generator_py.dir/rosidl_generator_py/mission_action/action/_mission_action_s.c.o[0m
[6.225s] [ 80%] [32m[1mLinking C shared library rosidl_generator_py/mission_action/libmission_action__rosidl_generator_py.so[0m
[6.292s] [ 80%] Built target mission_action__rosidl_generator_py
[6.314s] [35m[1mConsolidate compiler generated dependencies of target mission_action__rosidl_typesupport_c__pyext[0m
[6.319s] [35m[1mConsolidate compiler generated dependencies of target mission_action__rosidl_typesupport_fastrtps_c__pyext[0m
[6.320s] [35m[1mConsolidate compiler generated dependencies of target mission_action__rosidl_typesupport_introspection_c__pyext[0m
[6.336s] [ 83%] [32mBuilding C object CMakeFiles/mission_action__rosidl_typesupport_c__pyext.dir/rosidl_generator_py/mission_action/_mission_action_s.ep.rosidl_typesupport_c.c.o[0m
[6.339s] [ 87%] [32mBuilding C object CMakeFiles/mission_action__rosidl_typesupport_introspection_c__pyext.dir/rosidl_generator_py/mission_action/_mission_action_s.ep.rosidl_typesupport_introspection_c.c.o[0m
[6.342s] [ 90%] [32mBuilding C object CMakeFiles/mission_action__rosidl_typesupport_fastrtps_c__pyext.dir/rosidl_generator_py/mission_action/_mission_action_s.ep.rosidl_typesupport_fastrtps_c.c.o[0m
[6.515s] [ 93%] [32m[1mLinking C shared library rosidl_generator_py/mission_action/mission_action_s__rosidl_typesupport_fastrtps_c.cpython-310-x86_64-linux-gnu.so[0m
[6.583s] [ 96%] [32m[1mLinking C shared library rosidl_generator_py/mission_action/mission_action_s__rosidl_typesupport_c.cpython-310-x86_64-linux-gnu.so[0m
[6.589s] [ 96%] Built target mission_action__rosidl_typesupport_fastrtps_c__pyext
[6.589s] [100%] [32m[1mLinking C shared library rosidl_generator_py/mission_action/mission_action_s__rosidl_typesupport_introspection_c.cpython-310-x86_64-linux-gnu.so[0m
[6.646s] [100%] Built target mission_action__rosidl_typesupport_c__pyext
[6.652s] [100%] Built target mission_action__rosidl_typesupport_introspection_c__pyext
[6.671s] Invoked command in '/home/icore/Desktop/FleetGlue/build/mission_action' returned '0': CMAKE_PREFIX_PATH=${CMAKE_PREFIX_PATH}:/home/icore/Desktop/FleetGlue/install/fleet_mission:/opt/ros/humble /usr/bin/cmake --build /home/icore/Desktop/FleetGlue/build/mission_action -- -j4 -l4
[6.782s] Invoking command in '/home/icore/Desktop/FleetGlue/build/mission_action': CMAKE_PREFIX_PATH=${CMAKE_PREFIX_PATH}:/home/icore/Desktop/FleetGlue/install/fleet_mission:/opt/ros/humble /usr/bin/cmake --install /home/icore/Desktop/FleetGlue/build/mission_action
[6.794s] -- Install configuration: ""
[6.794s] -- Up-to-date: /home/icore/Desktop/FleetGlue/install/mission_action/share/ament_index/resource_index/rosidl_interfaces/mission_action
[6.794s] -- Up-to-date: /home/icore/Desktop/FleetGlue/install/mission_action/include/mission_action/mission_action
[6.795s] -- Up-to-date: /home/icore/Desktop/FleetGlue/install/mission_action/include/mission_action/mission_action/action
[6.795s] -- Installing: /home/icore/Desktop/FleetGlue/install/mission_action/include/mission_action/mission_action/action/mission_action.h
[6.795s] -- Up-to-date: /home/icore/Desktop/FleetGlue/install/mission_action/include/mission_action/mission_action/action/detail
[6.795s] -- Installing: /home/icore/Desktop/FleetGlue/install/mission_action/include/mission_action/mission_action/action/detail/mission_action__struct.h
[6.795s] -- Installing: /home/icore/Desktop/FleetGlue/install/mission_action/include/mission_action/mission_action/action/detail/mission_action__functions.h
[6.795s] -- Installing: /home/icore/Desktop/FleetGlue/install/mission_action/include/mission_action/mission_action/action/detail/mission_action__functions.c
[6.795s] -- Installing: /home/icore/Desktop/FleetGlue/install/mission_action/include/mission_action/mission_action/action/detail/mission_action__type_support.h
[6.796s] -- Up-to-date: /home/icore/Desktop/FleetGlue/install/mission_action/include/mission_action/mission_action/msg
[6.796s] -- Up-to-date: /home/icore/Desktop/FleetGlue/install/mission_action/include/mission_action/mission_action/msg/rosidl_generator_c__visibility_control.h
[6.796s] -- Up-to-date: /home/icore/Desktop/FleetGlue/install/mission_action/share/mission_action/environment/library_path.sh
[6.796s] -- Installing: /home/icore/Desktop/FleetGlue/install/mission_action/share/mission_action/environment/library_path.dsv
[6.798s] -- Installing: /home/icore/Desktop/FleetGlue/install/mission_action/lib/libmission_action__rosidl_generator_c.so
[6.799s] -- Set runtime path of "/home/icore/Desktop/FleetGlue/install/mission_action/lib/libmission_action__rosidl_generator_c.so" to ""
[6.799s] -- Up-to-date: /home/icore/Desktop/FleetGlue/install/mission_action/include/mission_action/mission_action
[6.799s] -- Up-to-date: /home/icore/Desktop/FleetGlue/install/mission_action/include/mission_action/mission_action/action
[6.799s] -- Up-to-date: /home/icore/Desktop/FleetGlue/install/mission_action/include/mission_action/mission_action/action/detail
[6.800s] -- Installing: /home/icore/Desktop/FleetGlue/install/mission_action/include/mission_action/mission_action/action/detail/mission_action__rosidl_typesupport_fastrtps_c.h
[6.800s] -- Up-to-date: /home/icore/Desktop/FleetGlue/install/mission_action/include/mission_action/mission_action/msg
[6.800s] -- Up-to-date: /home/icore/Desktop/FleetGlue/install/mission_action/include/mission_action/mission_action/msg/rosidl_typesupport_fastrtps_c__visibility_control.h
[6.800s] -- Installing: /home/icore/Desktop/FleetGlue/install/mission_action/lib/libmission_action__rosidl_typesupport_fastrtps_c.so
[6.800s] -- Set runtime path of "/home/icore/Desktop/FleetGlue/install/mission_action/lib/libmission_action__rosidl_typesupport_fastrtps_c.so" to ""
[6.800s] -- Up-to-date: /home/icore/Desktop/FleetGlue/install/mission_action/include/mission_action/mission_action
[6.801s] -- Up-to-date: /home/icore/Desktop/FleetGlue/install/mission_action/include/mission_action/mission_action/action
[6.801s] -- Installing: /home/icore/Desktop/FleetGlue/install/mission_action/include/mission_action/mission_action/action/mission_action.hpp
[6.801s] -- Up-to-date: /home/icore/Desktop/FleetGlue/install/mission_action/include/mission_action/mission_action/action/detail
[6.801s] -- Installing: /home/icore/Desktop/FleetGlue/install/mission_action/include/mission_action/mission_action/action/detail/mission_action__traits.hpp
[6.801s] -- Installing: /home/icore/Desktop/FleetGlue/install/mission_action/include/mission_action/mission_action/action/detail/mission_action__builder.hpp
[6.801s] -- Installing: /home/icore/Desktop/FleetGlue/install/mission_action/include/mission_action/mission_action/action/detail/mission_action__struct.hpp
[6.802s] -- Up-to-date: /home/icore/Desktop/FleetGlue/install/mission_action/include/mission_action/mission_action
[6.802s] -- Up-to-date: /home/icore/Desktop/FleetGlue/install/mission_action/include/mission_action/mission_action/action
[6.802s] -- Up-to-date: /home/icore/Desktop/FleetGlue/install/mission_action/include/mission_action/mission_action/action/detail
[6.802s] -- Up-to-date: /home/icore/Desktop/FleetGlue/install/mission_action/include/mission_action/mission_action/action/detail/dds_fastrtps
[6.802s] -- Installing: /home/icore/Desktop/FleetGlue/install/mission_action/include/mission_action/mission_action/action/detail/mission_action__rosidl_typesupport_fastrtps_cpp.hpp
[6.802s] -- Up-to-date: /home/icore/Desktop/FleetGlue/install/mission_action/include/mission_action/mission_action/msg
[6.802s] -- Up-to-date: /home/icore/Desktop/FleetGlue/install/mission_action/include/mission_action/mission_action/msg/rosidl_typesupport_fastrtps_cpp__visibility_control.h
[6.802s] -- Installing: /home/icore/Desktop/FleetGlue/install/mission_action/lib/libmission_action__rosidl_typesupport_fastrtps_cpp.so
[6.803s] -- Set runtime path of "/home/icore/Desktop/FleetGlue/install/mission_action/lib/libmission_action__rosidl_typesupport_fastrtps_cpp.so" to ""
[6.803s] -- Up-to-date: /home/icore/Desktop/FleetGlue/install/mission_action/include/mission_action/mission_action
[6.803s] -- Up-to-date: /home/icore/Desktop/FleetGlue/install/mission_action/include/mission_action/mission_action/action
[6.803s] -- Up-to-date: /home/icore/Desktop/FleetGlue/install/mission_action/include/mission_action/mission_action/action/detail
[6.804s] -- Installing: /home/icore/Desktop/FleetGlue/install/mission_action/include/mission_action/mission_action/action/detail/mission_action__rosidl_typesupport_introspection_c.h
[6.804s] -- Installing: /home/icore/Desktop/FleetGlue/install/mission_action/include/mission_action/mission_action/action/detail/mission_action__type_support.c
[6.804s] -- Up-to-date: /home/icore/Desktop/FleetGlue/install/mission_action/include/mission_action/mission_action/msg
[6.804s] -- Up-to-date: /home/icore/Desktop/FleetGlue/install/mission_action/include/mission_action/mission_action/msg/rosidl_typesupport_introspection_c__visibility_control.h
[6.804s] -- Installing: /home/icore/Desktop/FleetGlue/install/mission_action/lib/libmission_action__rosidl_typesupport_introspection_c.so
[6.805s] -- Set runtime path of "/home/icore/Desktop/FleetGlue/install/mission_action/lib/libmission_action__rosidl_typesupport_introspection_c.so" to ""
[6.805s] -- Installing: /home/icore/Desktop/FleetGlue/install/mission_action/lib/libmission_action__rosidl_typesupport_c.so
[6.806s] -- Set runtime path of "/home/icore/Desktop/FleetGlue/install/mission_action/lib/libmission_action__rosidl_typesupport_c.so" to ""
[6.806s] -- Up-to-date: /home/icore/Desktop/FleetGlue/install/mission_action/include/mission_action/mission_action
[6.806s] -- Up-to-date: /home/icore/Desktop/FleetGlue/install/mission_action/include/mission_action/mission_action/action
[6.806s] -- Up-to-date: /home/icore/Desktop/FleetGlue/install/mission_action/include/mission_action/mission_action/action/detail
[6.806s] -- Installing: /home/icore/Desktop/FleetGlue/install/mission_action/include/mission_action/mission_action/action/detail/mission_action__rosidl_typesupport_introspection_cpp.hpp
[6.806s] -- Installing: /home/icore/Desktop/FleetGlue/install/mission_action/include/mission_action/mission_action/action/detail/mission_action__type_support.cpp
[6.807s] -- Installing: /home/icore/Desktop/FleetGlue/install/mission_action/lib/libmission_action__rosidl_typesupport_introspection_cpp.so
[6.808s] -- Set runtime path of "/home/icore/Desktop/FleetGlue/install/mission_action/lib/libmission_action__rosidl_typesupport_introspection_cpp.so" to ""
[6.808s] -- Installing: /home/icore/Desktop/FleetGlue/install/mission_action/lib/libmission_action__rosidl_typesupport_cpp.so
[6.809s] -- Set runtime path of "/home/icore/Desktop/FleetGlue/install/mission_action/lib/libmission_action__rosidl_typesupport_cpp.so" to ""
[6.809s] -- Up-to-date: /home/icore/Desktop/FleetGlue/install/mission_action/share/mission_action/environment/pythonpath.sh
[6.809s] -- Installing: /home/icore/Desktop/FleetGlue/install/mission_action/share/mission_action/environment/pythonpath.dsv
[6.827s] -- Up-to-date: /home/icore/Desktop/FleetGlue/install/mission_action/local/lib/python3.10/dist-packages/mission_action-0.0.0-py3.10.egg-info
[6.827s] -- Installing: /home/icore/Desktop/FleetGlue/install/mission_action/local/lib/python3.10/dist-packages/mission_action-0.0.0-py3.10.egg-info/dependency_links.txt
[6.828s] -- Installing: /home/icore/Desktop/FleetGlue/install/mission_action/local/lib/python3.10/dist-packages/mission_action-0.0.0-py3.10.egg-info/SOURCES.txt
[6.828s] -- Installing: /home/icore/Desktop/FleetGlue/install/mission_action/local/lib/python3.10/dist-packages/mission_action-0.0.0-py3.10.egg-info/PKG-INFO
[6.829s] -- Installing: /home/icore/Desktop/FleetGlue/install/mission_action/local/lib/python3.10/dist-packages/mission_action-0.0.0-py3.10.egg-info/top_level.txt
[6.829s] -- Up-to-date: /home/icore/Desktop/FleetGlue/install/mission_action/local/lib/python3.10/dist-packages/mission_action
[6.829s] -- Installing: /home/icore/Desktop/FleetGlue/install/mission_action/local/lib/python3.10/dist-packages/mission_action/mission_action_s__rosidl_typesupport_introspection_c.cpython-310-x86_64-linux-gnu.so
[6.830s] -- Up-to-date: /home/icore/Desktop/FleetGlue/install/mission_action/local/lib/python3.10/dist-packages/mission_action/action
[6.830s] -- Installing: /home/icore/Desktop/FleetGlue/install/mission_action/local/lib/python3.10/dist-packages/mission_action/action/__init__.py
[6.830s] -- Installing: /home/icore/Desktop/FleetGlue/install/mission_action/local/lib/python3.10/dist-packages/mission_action/action/_mission_action.py
[6.831s] -- Installing: /home/icore/Desktop/FleetGlue/install/mission_action/local/lib/python3.10/dist-packages/mission_action/action/_mission_action_s.c
[6.831s] -- Installing: /home/icore/Desktop/FleetGlue/install/mission_action/local/lib/python3.10/dist-packages/mission_action/libmission_action__rosidl_generator_py.so
[6.832s] -- Installing: /home/icore/Desktop/FleetGlue/install/mission_action/local/lib/python3.10/dist-packages/mission_action/_mission_action_s.ep.rosidl_typesupport_fastrtps_c.c
[6.832s] -- Installing: /home/icore/Desktop/FleetGlue/install/mission_action/local/lib/python3.10/dist-packages/mission_action/__init__.py
[6.832s] -- Installing: /home/icore/Desktop/FleetGlue/install/mission_action/local/lib/python3.10/dist-packages/mission_action/mission_action_s__rosidl_typesupport_c.cpython-310-x86_64-linux-gnu.so
[6.833s] -- Installing: /home/icore/Desktop/FleetGlue/install/mission_action/local/lib/python3.10/dist-packages/mission_action/_mission_action_s.ep.rosidl_typesupport_introspection_c.c
[6.834s] -- Installing: /home/icore/Desktop/FleetGlue/install/mission_action/local/lib/python3.10/dist-packages/mission_action/mission_action_s__rosidl_typesupport_fastrtps_c.cpython-310-x86_64-linux-gnu.so
[6.834s] -- Installing: /home/icore/Desktop/FleetGlue/install/mission_action/local/lib/python3.10/dist-packages/mission_action/_mission_action_s.ep.rosidl_typesupport_c.c
[6.888s] Listing '/home/icore/Desktop/FleetGlue/install/mission_action/local/lib/python3.10/dist-packages/mission_action'...
[6.888s] Compiling '/home/icore/Desktop/FleetGlue/install/mission_action/local/lib/python3.10/dist-packages/mission_action/__init__.py'...
[6.888s] Listing '/home/icore/Desktop/FleetGlue/install/mission_action/local/lib/python3.10/dist-packages/mission_action/action'...
[6.888s] Compiling '/home/icore/Desktop/FleetGlue/install/mission_action/local/lib/python3.10/dist-packages/mission_action/action/__init__.py'...
[6.889s] Compiling '/home/icore/Desktop/FleetGlue/install/mission_action/local/lib/python3.10/dist-packages/mission_action/action/_mission_action.py'...
[6.895s] -- Installing: /home/icore/Desktop/FleetGlue/install/mission_action/local/lib/python3.10/dist-packages/mission_action/mission_action_s__rosidl_typesupport_fastrtps_c.cpython-310-x86_64-linux-gnu.so
[6.895s] -- Set runtime path of "/home/icore/Desktop/FleetGlue/install/mission_action/local/lib/python3.10/dist-packages/mission_action/mission_action_s__rosidl_typesupport_fastrtps_c.cpython-310-x86_64-linux-gnu.so" to ""
[6.896s] -- Installing: /home/icore/Desktop/FleetGlue/install/mission_action/local/lib/python3.10/dist-packages/mission_action/mission_action_s__rosidl_typesupport_introspection_c.cpython-310-x86_64-linux-gnu.so
[6.896s] -- Set runtime path of "/home/icore/Desktop/FleetGlue/install/mission_action/local/lib/python3.10/dist-packages/mission_action/mission_action_s__rosidl_typesupport_introspection_c.cpython-310-x86_64-linux-gnu.so" to ""
[6.897s] -- Installing: /home/icore/Desktop/FleetGlue/install/mission_action/local/lib/python3.10/dist-packages/mission_action/mission_action_s__rosidl_typesupport_c.cpython-310-x86_64-linux-gnu.so
[6.897s] -- Set runtime path of "/home/icore/Desktop/FleetGlue/install/mission_action/local/lib/python3.10/dist-packages/mission_action/mission_action_s__rosidl_typesupport_c.cpython-310-x86_64-linux-gnu.so" to ""
[6.898s] -- Installing: /home/icore/Desktop/FleetGlue/install/mission_action/lib/libmission_action__rosidl_generator_py.so
[6.899s] -- Set runtime path of "/home/icore/Desktop/FleetGlue/install/mission_action/lib/libmission_action__rosidl_generator_py.so" to ""
[6.899s] -- Installing: /home/icore/Desktop/FleetGlue/install/mission_action/share/mission_action/action/MissionAction.idl
[6.899s] -- Installing: /home/icore/Desktop/FleetGlue/install/mission_action/share/mission_action/action/MissionAction.action
[6.900s] -- Up-to-date: /home/icore/Desktop/FleetGlue/install/mission_action/share/ament_index/resource_index/package_run_dependencies/mission_action
[6.900s] -- Up-to-date: /home/icore/Desktop/FleetGlue/install/mission_action/share/ament_index/resource_index/parent_prefix_path/mission_action
[6.900s] -- Up-to-date: /home/icore/Desktop/FleetGlue/install/mission_action/share/mission_action/environment/ament_prefix_path.sh
[6.900s] -- Installing: /home/icore/Desktop/FleetGlue/install/mission_action/share/mission_action/environment/ament_prefix_path.dsv
[6.900s] -- Up-to-date: /home/icore/Desktop/FleetGlue/install/mission_action/share/mission_action/environment/path.sh
[6.901s] -- Installing: /home/icore/Desktop/FleetGlue/install/mission_action/share/mission_action/environment/path.dsv
[6.901s] -- Up-to-date: /home/icore/Desktop/FleetGlue/install/mission_action/share/mission_action/local_setup.bash
[6.901s] -- Up-to-date: /home/icore/Desktop/FleetGlue/install/mission_action/share/mission_action/local_setup.sh
[6.901s] -- Up-to-date: /home/icore/Desktop/FleetGlue/install/mission_action/share/mission_action/local_setup.zsh
[6.901s] -- Installing: /home/icore/Desktop/FleetGlue/install/mission_action/share/mission_action/local_setup.dsv
[6.903s] -- Installing: /home/icore/Desktop/FleetGlue/install/mission_action/share/mission_action/package.dsv
[6.904s] -- Up-to-date: /home/icore/Desktop/FleetGlue/install/mission_action/share/ament_index/resource_index/packages/mission_action
[6.904s] -- Up-to-date: /home/icore/Desktop/FleetGlue/install/mission_action/share/mission_action/cmake/export_mission_action__rosidl_generator_cExport.cmake
[6.904s] -- Up-to-date: /home/icore/Desktop/FleetGlue/install/mission_action/share/mission_action/cmake/export_mission_action__rosidl_generator_cExport-noconfig.cmake
[6.904s] -- Up-to-date: /home/icore/Desktop/FleetGlue/install/mission_action/share/mission_action/cmake/export_mission_action__rosidl_typesupport_fastrtps_cExport.cmake
[6.904s] -- Up-to-date: /home/icore/Desktop/FleetGlue/install/mission_action/share/mission_action/cmake/export_mission_action__rosidl_typesupport_fastrtps_cExport-noconfig.cmake
[6.904s] -- Up-to-date: /home/icore/Desktop/FleetGlue/install/mission_action/share/mission_action/cmake/export_mission_action__rosidl_generator_cppExport.cmake
[6.904s] -- Up-to-date: /home/icore/Desktop/FleetGlue/install/mission_action/share/mission_action/cmake/export_mission_action__rosidl_typesupport_fastrtps_cppExport.cmake
[6.904s] -- Up-to-date: /home/icore/Desktop/FleetGlue/install/mission_action/share/mission_action/cmake/export_mission_action__rosidl_typesupport_fastrtps_cppExport-noconfig.cmake
[6.904s] -- Up-to-date: /home/icore/Desktop/FleetGlue/install/mission_action/share/mission_action/cmake/mission_action__rosidl_typesupport_introspection_cExport.cmake
[6.904s] -- Up-to-date: /home/icore/Desktop/FleetGlue/install/mission_action/share/mission_action/cmake/mission_action__rosidl_typesupport_introspection_cExport-noconfig.cmake
[6.904s] -- Up-to-date: /home/icore/Desktop/FleetGlue/install/mission_action/share/mission_action/cmake/mission_action__rosidl_typesupport_cExport.cmake
[6.905s] -- Up-to-date: /home/icore/Desktop/FleetGlue/install/mission_action/share/mission_action/cmake/mission_action__rosidl_typesupport_cExport-noconfig.cmake
[6.905s] -- Up-to-date: /home/icore/Desktop/FleetGlue/install/mission_action/share/mission_action/cmake/mission_action__rosidl_typesupport_introspection_cppExport.cmake
[6.905s] -- Up-to-date: /home/icore/Desktop/FleetGlue/install/mission_action/share/mission_action/cmake/mission_action__rosidl_typesupport_introspection_cppExport-noconfig.cmake
[6.905s] -- Up-to-date: /home/icore/Desktop/FleetGlue/install/mission_action/share/mission_action/cmake/mission_action__rosidl_typesupport_cppExport.cmake
[6.905s] -- Up-to-date: /home/icore/Desktop/FleetGlue/install/mission_action/share/mission_action/cmake/mission_action__rosidl_typesupport_cppExport-noconfig.cmake
[6.905s] -- Up-to-date: /home/icore/Desktop/FleetGlue/install/mission_action/share/mission_action/cmake/export_mission_action__rosidl_generator_pyExport.cmake
[6.905s] -- Up-to-date: /home/icore/Desktop/FleetGlue/install/mission_action/share/mission_action/cmake/export_mission_action__rosidl_generator_pyExport-noconfig.cmake
[6.905s] -- Up-to-date: /home/icore/Desktop/FleetGlue/install/mission_action/share/mission_action/cmake/rosidl_cmake-extras.cmake
[6.905s] -- Up-to-date: /home/icore/Desktop/FleetGlue/install/mission_action/share/mission_action/cmake/ament_cmake_export_dependencies-extras.cmake
[6.905s] -- Up-to-date: /home/icore/Desktop/FleetGlue/install/mission_action/share/mission_action/cmake/ament_cmake_export_include_directories-extras.cmake
[6.905s] -- Up-to-date: /home/icore/Desktop/FleetGlue/install/mission_action/share/mission_action/cmake/ament_cmake_export_libraries-extras.cmake
[6.905s] -- Up-to-date: /home/icore/Desktop/FleetGlue/install/mission_action/share/mission_action/cmake/ament_cmake_export_targets-extras.cmake
[6.907s] -- Up-to-date: /home/icore/Desktop/FleetGlue/install/mission_action/share/mission_action/cmake/rosidl_cmake_export_typesupport_targets-extras.cmake
[6.908s] -- Up-to-date: /home/icore/Desktop/FleetGlue/install/mission_action/share/mission_action/cmake/rosidl_cmake_export_typesupport_libraries-extras.cmake
[6.908s] -- Up-to-date: /home/icore/Desktop/FleetGlue/install/mission_action/share/mission_action/cmake/mission_actionConfig.cmake
[6.908s] -- Up-to-date: /home/icore/Desktop/FleetGlue/install/mission_action/share/mission_action/cmake/mission_actionConfig-version.cmake
[6.908s] -- Up-to-date: /home/icore/Desktop/FleetGlue/install/mission_action/share/mission_action/package.xml
[6.909s] Invoked command in '/home/icore/Desktop/FleetGlue/build/mission_action' returned '0': CMAKE_PREFIX_PATH=${CMAKE_PREFIX_PATH}:/home/icore/Desktop/FleetGlue/install/fleet_mission:/opt/ros/humble /usr/bin/cmake --install /home/icore/Desktop/FleetGlue/build/mission_action
