[0.135s] DEBUG:colcon:Command line arguments: ['/usr/bin/colcon', 'build']
[0.135s] DEBUG:colcon:Parsed command line arguments: Namespace(log_base=None, log_level=None, verb_name='build', build_base='build', install_base='install', merge_install=False, symlink_install=False, test_result_base=None, continue_on_error=False, executor='parallel', parallel_workers=4, event_handlers=None, ignore_user_meta=False, metas=['./colcon.meta'], base_paths=['.'], packages_ignore=None, packages_ignore_regex=None, paths=None, packages_up_to=None, packages_up_to_regex=None, packages_above=None, packages_above_and_dependencies=None, packages_above_depth=None, packages_select_by_dep=None, packages_skip_by_dep=None, packages_skip_up_to=None, packages_select_build_failed=False, packages_skip_build_finished=False, packages_select_test_failures=False, packages_skip_test_passed=False, packages_select=None, packages_skip=None, packages_select_regex=None, packages_skip_regex=None, packages_start=None, packages_end=None, allow_overriding=[], cmake_args=None, cmake_target=None, cmake_target_skip_unavailable=False, cmake_clean_cache=False, cmake_clean_first=False, cmake_force_configure=False, ament_cmake_args=None, catkin_cmake_args=None, catkin_skip_building_tests=False, mixin_files=None, mixin=None, verb_parser=<colcon_mixin.mixin.mixin_argument.MixinArgumentDecorator object at 0x799395d3a680>, verb_extension=<colcon_core.verb.build.BuildVerb object at 0x799395d3a0b0>, main=<bound method BuildVerb.main of <colcon_core.verb.build.BuildVerb object at 0x799395d3a0b0>>, mixin_verb=('build',))
[0.350s] Level 1:colcon.colcon_core.package_discovery:discover_packages(colcon_meta) check parameters
[0.350s] Level 1:colcon.colcon_core.package_discovery:discover_packages(recursive) check parameters
[0.350s] Level 1:colcon.colcon_core.package_discovery:discover_packages(ignore) check parameters
[0.350s] Level 1:colcon.colcon_core.package_discovery:discover_packages(path) check parameters
[0.350s] Level 1:colcon.colcon_core.package_discovery:discover_packages(colcon_meta) discover
[0.350s] Level 1:colcon.colcon_core.package_discovery:discover_packages(recursive) discover
[0.350s] INFO:colcon.colcon_core.package_discovery:Crawling recursively for packages in '/home/icore/Desktop/FleetGlue'
[0.350s] Level 1:colcon.colcon_core.package_identification:_identify(.) by extensions ['ignore', 'ignore_ament_install']
[0.350s] Level 1:colcon.colcon_core.package_identification:_identify(.) by extension 'ignore'
[0.350s] Level 1:colcon.colcon_core.package_identification:_identify(.) by extension 'ignore_ament_install'
[0.350s] Level 1:colcon.colcon_core.package_identification:_identify(.) by extensions ['colcon_pkg']
[0.351s] Level 1:colcon.colcon_core.package_identification:_identify(.) by extension 'colcon_pkg'
[0.351s] Level 1:colcon.colcon_core.package_identification:_identify(.) by extensions ['colcon_meta']
[0.351s] Level 1:colcon.colcon_core.package_identification:_identify(.) by extension 'colcon_meta'
[0.351s] Level 1:colcon.colcon_core.package_identification:_identify(.) by extensions ['ros']
[0.351s] Level 1:colcon.colcon_core.package_identification:_identify(.) by extension 'ros'
[0.363s] Level 1:colcon.colcon_core.package_identification:_identify(.) by extensions ['cmake', 'python']
[0.363s] Level 1:colcon.colcon_core.package_identification:_identify(.) by extension 'cmake'
[0.363s] Level 1:colcon.colcon_core.package_identification:_identify(.) by extension 'python'
[0.363s] Level 1:colcon.colcon_core.package_identification:_identify(.) by extensions ['python_setup_py']
[0.363s] Level 1:colcon.colcon_core.package_identification:_identify(.) by extension 'python_setup_py'
[0.363s] Level 1:colcon.colcon_core.package_identification:_identify(build) by extensions ['ignore', 'ignore_ament_install']
[0.364s] Level 1:colcon.colcon_core.package_identification:_identify(build) by extension 'ignore'
[0.364s] Level 1:colcon.colcon_core.package_identification:_identify(build) ignored
[0.364s] Level 1:colcon.colcon_core.package_identification:_identify(install) by extensions ['ignore', 'ignore_ament_install']
[0.364s] Level 1:colcon.colcon_core.package_identification:_identify(install) by extension 'ignore'
[0.364s] Level 1:colcon.colcon_core.package_identification:_identify(install) ignored
[0.364s] Level 1:colcon.colcon_core.package_identification:_identify(log) by extensions ['ignore', 'ignore_ament_install']
[0.364s] Level 1:colcon.colcon_core.package_identification:_identify(log) by extension 'ignore'
[0.364s] Level 1:colcon.colcon_core.package_identification:_identify(log) ignored
[0.365s] Level 1:colcon.colcon_core.package_identification:_identify(src) by extensions ['ignore', 'ignore_ament_install']
[0.365s] Level 1:colcon.colcon_core.package_identification:_identify(src) by extension 'ignore'
[0.365s] Level 1:colcon.colcon_core.package_identification:_identify(src) by extension 'ignore_ament_install'
[0.365s] Level 1:colcon.colcon_core.package_identification:_identify(src) by extensions ['colcon_pkg']
[0.365s] Level 1:colcon.colcon_core.package_identification:_identify(src) by extension 'colcon_pkg'
[0.365s] Level 1:colcon.colcon_core.package_identification:_identify(src) by extensions ['colcon_meta']
[0.365s] Level 1:colcon.colcon_core.package_identification:_identify(src) by extension 'colcon_meta'
[0.365s] Level 1:colcon.colcon_core.package_identification:_identify(src) by extensions ['ros']
[0.365s] Level 1:colcon.colcon_core.package_identification:_identify(src) by extension 'ros'
[0.365s] Level 1:colcon.colcon_core.package_identification:_identify(src) by extensions ['cmake', 'python']
[0.365s] Level 1:colcon.colcon_core.package_identification:_identify(src) by extension 'cmake'
[0.365s] Level 1:colcon.colcon_core.package_identification:_identify(src) by extension 'python'
[0.365s] Level 1:colcon.colcon_core.package_identification:_identify(src) by extensions ['python_setup_py']
[0.365s] Level 1:colcon.colcon_core.package_identification:_identify(src) by extension 'python_setup_py'
[0.365s] Level 1:colcon.colcon_core.package_identification:_identify(src/fleet_mission) by extensions ['ignore', 'ignore_ament_install']
[0.366s] Level 1:colcon.colcon_core.package_identification:_identify(src/fleet_mission) by extension 'ignore'
[0.366s] Level 1:colcon.colcon_core.package_identification:_identify(src/fleet_mission) by extension 'ignore_ament_install'
[0.366s] Level 1:colcon.colcon_core.package_identification:_identify(src/fleet_mission) by extensions ['colcon_pkg']
[0.366s] Level 1:colcon.colcon_core.package_identification:_identify(src/fleet_mission) by extension 'colcon_pkg'
[0.366s] Level 1:colcon.colcon_core.package_identification:_identify(src/fleet_mission) by extensions ['colcon_meta']
[0.366s] Level 1:colcon.colcon_core.package_identification:_identify(src/fleet_mission) by extension 'colcon_meta'
[0.366s] Level 1:colcon.colcon_core.package_identification:_identify(src/fleet_mission) by extensions ['ros']
[0.366s] Level 1:colcon.colcon_core.package_identification:_identify(src/fleet_mission) by extension 'ros'
[0.369s] DEBUG:colcon.colcon_core.package_identification:Failed to parse potential ROS package manifest in'src/fleet_mission': Error(s) in package 'src/fleet_mission/package.xml':
The package "fleet_mission" must not "build_depend" on a package with the same name as this package
The package "fleet_mission" must not "build_export_depend" on a package with the same name as this package
The package "fleet_mission" must not "exec_depend" on a package with the same name as this package
[0.369s] Level 1:colcon.colcon_core.package_identification:_identify(src/fleet_mission) by extensions ['cmake', 'python']
[0.369s] Level 1:colcon.colcon_core.package_identification:_identify(src/fleet_mission) by extension 'cmake'
[0.369s] Level 1:colcon.colcon_core.package_identification:_identify(src/fleet_mission) by extension 'python'
[0.369s] DEBUG:colcon.colcon_core.package_identification:Python package in 'src/fleet_mission' passes arguments to the setup() function which requires a different identification extension than 'python'
[0.369s] Level 1:colcon.colcon_core.package_identification:_identify(src/fleet_mission) by extensions ['python_setup_py']
[0.369s] Level 1:colcon.colcon_core.package_identification:_identify(src/fleet_mission) by extension 'python_setup_py'
[0.681s] DEBUG:colcon.colcon_core.package_identification:Package 'src/fleet_mission' with type 'python' and name 'fleet_mission'
[0.682s] Level 1:colcon.colcon_core.package_identification:_identify(src/mission_action) by extensions ['ignore', 'ignore_ament_install']
[0.682s] Level 1:colcon.colcon_core.package_identification:_identify(src/mission_action) by extension 'ignore'
[0.682s] Level 1:colcon.colcon_core.package_identification:_identify(src/mission_action) by extension 'ignore_ament_install'
[0.682s] Level 1:colcon.colcon_core.package_identification:_identify(src/mission_action) by extensions ['colcon_pkg']
[0.682s] Level 1:colcon.colcon_core.package_identification:_identify(src/mission_action) by extension 'colcon_pkg'
[0.682s] Level 1:colcon.colcon_core.package_identification:_identify(src/mission_action) by extensions ['colcon_meta']
[0.682s] Level 1:colcon.colcon_core.package_identification:_identify(src/mission_action) by extension 'colcon_meta'
[0.682s] Level 1:colcon.colcon_core.package_identification:_identify(src/mission_action) by extensions ['ros']
[0.682s] Level 1:colcon.colcon_core.package_identification:_identify(src/mission_action) by extension 'ros'
[0.683s] DEBUG:colcon.colcon_core.package_identification:Package 'src/mission_action' with type 'ros.ament_cmake' and name 'mission_action'
[0.683s] Level 1:colcon.colcon_core.package_discovery:discover_packages(recursive) using defaults
[0.683s] Level 1:colcon.colcon_core.package_discovery:discover_packages(ignore) discover
[0.683s] Level 1:colcon.colcon_core.package_discovery:discover_packages(ignore) using defaults
[0.683s] Level 1:colcon.colcon_core.package_discovery:discover_packages(path) discover
[0.683s] Level 1:colcon.colcon_core.package_discovery:discover_packages(path) using defaults
[0.718s] Level 1:colcon.colcon_core.package_discovery:discover_packages(prefix_path) check parameters
[0.718s] Level 1:colcon.colcon_core.package_discovery:discover_packages(prefix_path) discover
[0.720s] DEBUG:colcon.colcon_installed_package_information.package_discovery:Found 2 installed packages in /home/icore/Desktop/FleetGlue/install
[0.721s] DEBUG:colcon.colcon_installed_package_information.package_discovery:Found 3 installed packages in /home/icore/ros2_ws/install
[0.722s] DEBUG:colcon.colcon_installed_package_information.package_discovery:Found 297 installed packages in /opt/ros/humble
[0.724s] Level 1:colcon.colcon_core.package_discovery:discover_packages(prefix_path) using defaults
[0.777s] Level 5:colcon.colcon_core.verb:set package 'mission_action' build argument 'cmake_args' from command line to 'None'
[0.777s] Level 5:colcon.colcon_core.verb:set package 'mission_action' build argument 'cmake_target' from command line to 'None'
[0.778s] Level 5:colcon.colcon_core.verb:set package 'mission_action' build argument 'cmake_target_skip_unavailable' from command line to 'False'
[0.778s] Level 5:colcon.colcon_core.verb:set package 'mission_action' build argument 'cmake_clean_cache' from command line to 'False'
[0.778s] Level 5:colcon.colcon_core.verb:set package 'mission_action' build argument 'cmake_clean_first' from command line to 'False'
[0.778s] Level 5:colcon.colcon_core.verb:set package 'mission_action' build argument 'cmake_force_configure' from command line to 'False'
[0.778s] Level 5:colcon.colcon_core.verb:set package 'mission_action' build argument 'ament_cmake_args' from command line to 'None'
[0.778s] Level 5:colcon.colcon_core.verb:set package 'mission_action' build argument 'catkin_cmake_args' from command line to 'None'
[0.778s] Level 5:colcon.colcon_core.verb:set package 'mission_action' build argument 'catkin_skip_building_tests' from command line to 'False'
[0.778s] DEBUG:colcon.colcon_core.verb:Building package 'mission_action' with the following arguments: {'ament_cmake_args': None, 'build_base': '/home/icore/Desktop/FleetGlue/build/mission_action', 'catkin_cmake_args': None, 'catkin_skip_building_tests': False, 'cmake_args': None, 'cmake_clean_cache': False, 'cmake_clean_first': False, 'cmake_force_configure': False, 'cmake_target': None, 'cmake_target_skip_unavailable': False, 'install_base': '/home/icore/Desktop/FleetGlue/install/mission_action', 'merge_install': False, 'path': '/home/icore/Desktop/FleetGlue/src/mission_action', 'symlink_install': False, 'test_result_base': None}
[0.778s] Level 5:colcon.colcon_core.verb:set package 'fleet_mission' build argument 'cmake_args' from command line to 'None'
[0.778s] Level 5:colcon.colcon_core.verb:set package 'fleet_mission' build argument 'cmake_target' from command line to 'None'
[0.778s] Level 5:colcon.colcon_core.verb:set package 'fleet_mission' build argument 'cmake_target_skip_unavailable' from command line to 'False'
[0.778s] Level 5:colcon.colcon_core.verb:set package 'fleet_mission' build argument 'cmake_clean_cache' from command line to 'False'
[0.778s] Level 5:colcon.colcon_core.verb:set package 'fleet_mission' build argument 'cmake_clean_first' from command line to 'False'
[0.778s] Level 5:colcon.colcon_core.verb:set package 'fleet_mission' build argument 'cmake_force_configure' from command line to 'False'
[0.778s] Level 5:colcon.colcon_core.verb:set package 'fleet_mission' build argument 'ament_cmake_args' from command line to 'None'
[0.778s] Level 5:colcon.colcon_core.verb:set package 'fleet_mission' build argument 'catkin_cmake_args' from command line to 'None'
[0.778s] Level 5:colcon.colcon_core.verb:set package 'fleet_mission' build argument 'catkin_skip_building_tests' from command line to 'False'
[0.778s] DEBUG:colcon.colcon_core.verb:Building package 'fleet_mission' with the following arguments: {'ament_cmake_args': None, 'build_base': '/home/icore/Desktop/FleetGlue/build/fleet_mission', 'catkin_cmake_args': None, 'catkin_skip_building_tests': False, 'cmake_args': None, 'cmake_clean_cache': False, 'cmake_clean_first': False, 'cmake_force_configure': False, 'cmake_target': None, 'cmake_target_skip_unavailable': False, 'install_base': '/home/icore/Desktop/FleetGlue/install/fleet_mission', 'merge_install': False, 'path': '/home/icore/Desktop/FleetGlue/src/fleet_mission', 'symlink_install': False, 'test_result_base': None}
[0.779s] INFO:colcon.colcon_core.executor:Executing jobs using 'parallel' executor
[0.780s] DEBUG:colcon.colcon_parallel_executor.executor.parallel:run_until_complete
[0.781s] INFO:colcon.colcon_ros.task.ament_cmake.build:Building ROS package in '/home/icore/Desktop/FleetGlue/src/mission_action' with build type 'ament_cmake'
[0.781s] INFO:colcon.colcon_cmake.task.cmake.build:Building CMake package in '/home/icore/Desktop/FleetGlue/src/mission_action'
[0.783s] INFO:colcon.colcon_core.plugin_system:Skipping extension 'colcon_core.shell.bat': Not used on non-Windows systems
[0.784s] INFO:colcon.colcon_core.shell:Skip shell extension 'powershell' for command environment: Not usable outside of PowerShell
[0.784s] DEBUG:colcon.colcon_core.shell:Skip shell extension 'dsv' for command environment
[0.800s] DEBUG:colcon.colcon_core.event_handler.log_command:Invoking command in '/home/icore/Desktop/FleetGlue/build/mission_action': CMAKE_PREFIX_PATH=${CMAKE_PREFIX_PATH}:/home/icore/Desktop/FleetGlue/install/fleet_mission:/opt/ros/humble /usr/bin/cmake --build /home/icore/Desktop/FleetGlue/build/mission_action -- -j4 -l4
[1.353s] DEBUG:colcon.colcon_core.event_handler.log_command:Invoked command in '/home/icore/Desktop/FleetGlue/build/mission_action' returned '0': CMAKE_PREFIX_PATH=${CMAKE_PREFIX_PATH}:/home/icore/Desktop/FleetGlue/install/fleet_mission:/opt/ros/humble /usr/bin/cmake --build /home/icore/Desktop/FleetGlue/build/mission_action -- -j4 -l4
[1.463s] DEBUG:colcon.colcon_core.event_handler.log_command:Invoking command in '/home/icore/Desktop/FleetGlue/build/mission_action': CMAKE_PREFIX_PATH=${CMAKE_PREFIX_PATH}:/home/icore/Desktop/FleetGlue/install/fleet_mission:/opt/ros/humble /usr/bin/cmake --install /home/icore/Desktop/FleetGlue/build/mission_action
[1.541s] Level 1:colcon.colcon_core.environment:create_environment_scripts_only(mission_action)
[1.542s] DEBUG:colcon.colcon_core.event_handler.log_command:Invoked command in '/home/icore/Desktop/FleetGlue/build/mission_action' returned '0': CMAKE_PREFIX_PATH=${CMAKE_PREFIX_PATH}:/home/icore/Desktop/FleetGlue/install/fleet_mission:/opt/ros/humble /usr/bin/cmake --install /home/icore/Desktop/FleetGlue/build/mission_action
[1.544s] Level 1:colcon.colcon_core.environment:checking '/home/icore/Desktop/FleetGlue/install/mission_action' for CMake module files
[1.545s] Level 1:colcon.colcon_core.environment:checking '/home/icore/Desktop/FleetGlue/install/mission_action' for CMake config files
[1.545s] Level 1:colcon.colcon_core.shell:create_environment_hook('mission_action', 'cmake_prefix_path')
[1.546s] INFO:colcon.colcon_core.shell:Creating environment hook '/home/icore/Desktop/FleetGlue/install/mission_action/share/mission_action/hook/cmake_prefix_path.ps1'
[1.546s] INFO:colcon.colcon_core.shell:Creating environment descriptor '/home/icore/Desktop/FleetGlue/install/mission_action/share/mission_action/hook/cmake_prefix_path.dsv'
[1.547s] INFO:colcon.colcon_core.shell:Creating environment hook '/home/icore/Desktop/FleetGlue/install/mission_action/share/mission_action/hook/cmake_prefix_path.sh'
[1.548s] Level 1:colcon.colcon_core.environment:checking '/home/icore/Desktop/FleetGlue/install/mission_action/lib'
[1.548s] Level 1:colcon.colcon_core.shell:create_environment_hook('mission_action', 'ld_library_path_lib')
[1.549s] INFO:colcon.colcon_core.shell:Creating environment hook '/home/icore/Desktop/FleetGlue/install/mission_action/share/mission_action/hook/ld_library_path_lib.ps1'
[1.549s] INFO:colcon.colcon_core.shell:Creating environment descriptor '/home/icore/Desktop/FleetGlue/install/mission_action/share/mission_action/hook/ld_library_path_lib.dsv'
[1.549s] INFO:colcon.colcon_core.shell:Creating environment hook '/home/icore/Desktop/FleetGlue/install/mission_action/share/mission_action/hook/ld_library_path_lib.sh'
[1.550s] Level 1:colcon.colcon_core.environment:checking '/home/icore/Desktop/FleetGlue/install/mission_action/bin'
[1.550s] Level 1:colcon.colcon_core.environment:checking '/home/icore/Desktop/FleetGlue/install/mission_action/lib/pkgconfig/mission_action.pc'
[1.550s] Level 1:colcon.colcon_core.environment:checking '/home/icore/Desktop/FleetGlue/install/mission_action/lib/python3.10/site-packages'
[1.551s] Level 1:colcon.colcon_core.environment:checking '/home/icore/Desktop/FleetGlue/install/mission_action/bin'
[1.551s] INFO:colcon.colcon_core.shell:Creating package script '/home/icore/Desktop/FleetGlue/install/mission_action/share/mission_action/package.ps1'
[1.552s] INFO:colcon.colcon_core.shell:Creating package descriptor '/home/icore/Desktop/FleetGlue/install/mission_action/share/mission_action/package.dsv'
[1.553s] INFO:colcon.colcon_core.shell:Creating package script '/home/icore/Desktop/FleetGlue/install/mission_action/share/mission_action/package.sh'
[1.554s] INFO:colcon.colcon_core.shell:Creating package script '/home/icore/Desktop/FleetGlue/install/mission_action/share/mission_action/package.bash'
[1.554s] INFO:colcon.colcon_core.shell:Creating package script '/home/icore/Desktop/FleetGlue/install/mission_action/share/mission_action/package.zsh'
[1.555s] Level 1:colcon.colcon_core.environment:create_file_with_runtime_dependencies(/home/icore/Desktop/FleetGlue/install/mission_action/share/colcon-core/packages/mission_action)
[1.651s] Level 1:colcon.colcon_core.environment:create_environment_scripts_only(mission_action)
[1.651s] Level 1:colcon.colcon_core.environment:checking '/home/icore/Desktop/FleetGlue/install/mission_action' for CMake module files
[1.652s] Level 1:colcon.colcon_core.environment:checking '/home/icore/Desktop/FleetGlue/install/mission_action' for CMake config files
[1.653s] Level 1:colcon.colcon_core.shell:create_environment_hook('mission_action', 'cmake_prefix_path')
[1.653s] INFO:colcon.colcon_core.shell:Creating environment hook '/home/icore/Desktop/FleetGlue/install/mission_action/share/mission_action/hook/cmake_prefix_path.ps1'
[1.654s] INFO:colcon.colcon_core.shell:Creating environment descriptor '/home/icore/Desktop/FleetGlue/install/mission_action/share/mission_action/hook/cmake_prefix_path.dsv'
[1.654s] INFO:colcon.colcon_core.shell:Creating environment hook '/home/icore/Desktop/FleetGlue/install/mission_action/share/mission_action/hook/cmake_prefix_path.sh'
[1.655s] Level 1:colcon.colcon_core.environment:checking '/home/icore/Desktop/FleetGlue/install/mission_action/lib'
[1.655s] Level 1:colcon.colcon_core.shell:create_environment_hook('mission_action', 'ld_library_path_lib')
[1.655s] INFO:colcon.colcon_core.shell:Creating environment hook '/home/icore/Desktop/FleetGlue/install/mission_action/share/mission_action/hook/ld_library_path_lib.ps1'
[1.656s] INFO:colcon.colcon_core.shell:Creating environment descriptor '/home/icore/Desktop/FleetGlue/install/mission_action/share/mission_action/hook/ld_library_path_lib.dsv'
[1.656s] INFO:colcon.colcon_core.shell:Creating environment hook '/home/icore/Desktop/FleetGlue/install/mission_action/share/mission_action/hook/ld_library_path_lib.sh'
[1.657s] Level 1:colcon.colcon_core.environment:checking '/home/icore/Desktop/FleetGlue/install/mission_action/bin'
[1.657s] Level 1:colcon.colcon_core.environment:checking '/home/icore/Desktop/FleetGlue/install/mission_action/lib/pkgconfig/mission_action.pc'
[1.657s] Level 1:colcon.colcon_core.environment:checking '/home/icore/Desktop/FleetGlue/install/mission_action/lib/python3.10/site-packages'
[1.657s] Level 1:colcon.colcon_core.environment:checking '/home/icore/Desktop/FleetGlue/install/mission_action/bin'
[1.658s] INFO:colcon.colcon_core.shell:Creating package script '/home/icore/Desktop/FleetGlue/install/mission_action/share/mission_action/package.ps1'
[1.659s] INFO:colcon.colcon_core.shell:Creating package descriptor '/home/icore/Desktop/FleetGlue/install/mission_action/share/mission_action/package.dsv'
[1.659s] INFO:colcon.colcon_core.shell:Creating package script '/home/icore/Desktop/FleetGlue/install/mission_action/share/mission_action/package.sh'
[1.660s] INFO:colcon.colcon_core.shell:Creating package script '/home/icore/Desktop/FleetGlue/install/mission_action/share/mission_action/package.bash'
[1.661s] INFO:colcon.colcon_core.shell:Creating package script '/home/icore/Desktop/FleetGlue/install/mission_action/share/mission_action/package.zsh'
[1.661s] Level 1:colcon.colcon_core.environment:create_file_with_runtime_dependencies(/home/icore/Desktop/FleetGlue/install/mission_action/share/colcon-core/packages/mission_action)
[1.662s] INFO:colcon.colcon_core.task.python.build:Building Python package in '/home/icore/Desktop/FleetGlue/src/fleet_mission'
[1.662s] INFO:colcon.colcon_core.shell:Skip shell extension 'powershell' for command environment: Not usable outside of PowerShell
[1.663s] DEBUG:colcon.colcon_core.shell:Skip shell extension 'dsv' for command environment
[2.491s] DEBUG:colcon.colcon_core.event_handler.log_command:Invoking command in '/home/icore/Desktop/FleetGlue/src/fleet_mission': LD_LIBRARY_PATH=/home/icore/Desktop/FleetGlue/install/mission_action/lib:/opt/ros/humble/lib:/usr/lib/x86_64-linux-gnu/gazebo-11/plugins:/opt/ros/humble/opt/rviz_ogre_vendor/lib:/opt/ros/humble/lib/x86_64-linux-gnu:/opt/ros/humble/lib PYTHONPATH=/home/icore/Desktop/FleetGlue/build/fleet_mission/prefix_override:/usr/lib/python3/dist-packages/colcon_core/task/python/colcon_distutils_commands:/home/icore/Desktop/FleetGlue/install/fleet_mission/lib/python3.10/site-packages:${PYTHONPATH} /usr/bin/python3 -W ignore:setup.py install is deprecated setup.py egg_info --egg-base ../../build/fleet_mission build --build-base /home/icore/Desktop/FleetGlue/build/fleet_mission/build install --record /home/icore/Desktop/FleetGlue/build/fleet_mission/install.log --single-version-externally-managed install_data
[2.863s] Level 1:colcon.colcon_core.environment:checking '/home/icore/Desktop/FleetGlue/install/fleet_mission' for CMake module files
[2.864s] DEBUG:colcon.colcon_core.event_handler.log_command:Invoked command in '/home/icore/Desktop/FleetGlue/src/fleet_mission' returned '0': LD_LIBRARY_PATH=/home/icore/Desktop/FleetGlue/install/mission_action/lib:/opt/ros/humble/lib:/usr/lib/x86_64-linux-gnu/gazebo-11/plugins:/opt/ros/humble/opt/rviz_ogre_vendor/lib:/opt/ros/humble/lib/x86_64-linux-gnu:/opt/ros/humble/lib PYTHONPATH=/home/icore/Desktop/FleetGlue/build/fleet_mission/prefix_override:/usr/lib/python3/dist-packages/colcon_core/task/python/colcon_distutils_commands:/home/icore/Desktop/FleetGlue/install/fleet_mission/lib/python3.10/site-packages:${PYTHONPATH} /usr/bin/python3 -W ignore:setup.py install is deprecated setup.py egg_info --egg-base ../../build/fleet_mission build --build-base /home/icore/Desktop/FleetGlue/build/fleet_mission/build install --record /home/icore/Desktop/FleetGlue/build/fleet_mission/install.log --single-version-externally-managed install_data
[2.864s] Level 1:colcon.colcon_core.environment:checking '/home/icore/Desktop/FleetGlue/install/fleet_mission' for CMake config files
[2.865s] Level 1:colcon.colcon_core.environment:checking '/home/icore/Desktop/FleetGlue/install/fleet_mission/lib'
[2.865s] Level 1:colcon.colcon_core.environment:checking '/home/icore/Desktop/FleetGlue/install/fleet_mission/bin'
[2.865s] Level 1:colcon.colcon_core.environment:checking '/home/icore/Desktop/FleetGlue/install/fleet_mission/lib/pkgconfig/fleet_mission.pc'
[2.865s] Level 1:colcon.colcon_core.environment:checking '/home/icore/Desktop/FleetGlue/install/fleet_mission/lib/python3.10/site-packages'
[2.865s] Level 1:colcon.colcon_core.shell:create_environment_hook('fleet_mission', 'pythonpath')
[2.866s] INFO:colcon.colcon_core.shell:Creating environment hook '/home/icore/Desktop/FleetGlue/install/fleet_mission/share/fleet_mission/hook/pythonpath.ps1'
[2.866s] INFO:colcon.colcon_core.shell:Creating environment descriptor '/home/icore/Desktop/FleetGlue/install/fleet_mission/share/fleet_mission/hook/pythonpath.dsv'
[2.867s] INFO:colcon.colcon_core.shell:Creating environment hook '/home/icore/Desktop/FleetGlue/install/fleet_mission/share/fleet_mission/hook/pythonpath.sh'
[2.868s] Level 1:colcon.colcon_core.environment:checking '/home/icore/Desktop/FleetGlue/install/fleet_mission/bin'
[2.868s] Level 1:colcon.colcon_core.environment:create_environment_scripts_only(fleet_mission)
[2.868s] INFO:colcon.colcon_core.shell:Creating package script '/home/icore/Desktop/FleetGlue/install/fleet_mission/share/fleet_mission/package.ps1'
[2.868s] INFO:colcon.colcon_core.shell:Creating package descriptor '/home/icore/Desktop/FleetGlue/install/fleet_mission/share/fleet_mission/package.dsv'
[2.869s] INFO:colcon.colcon_core.shell:Creating package script '/home/icore/Desktop/FleetGlue/install/fleet_mission/share/fleet_mission/package.sh'
[2.869s] INFO:colcon.colcon_core.shell:Creating package script '/home/icore/Desktop/FleetGlue/install/fleet_mission/share/fleet_mission/package.bash'
[2.870s] INFO:colcon.colcon_core.shell:Creating package script '/home/icore/Desktop/FleetGlue/install/fleet_mission/share/fleet_mission/package.zsh'
[2.870s] Level 1:colcon.colcon_core.environment:create_file_with_runtime_dependencies(/home/icore/Desktop/FleetGlue/install/fleet_mission/share/colcon-core/packages/fleet_mission)
[2.871s] DEBUG:colcon.colcon_parallel_executor.executor.parallel:closing loop
[2.871s] DEBUG:colcon.colcon_parallel_executor.executor.parallel:loop closed
[2.871s] DEBUG:colcon.colcon_parallel_executor.executor.parallel:run_until_complete finished with '0'
[2.871s] DEBUG:colcon.colcon_core.event_reactor:joining thread
[2.878s] INFO:colcon.colcon_core.plugin_system:Skipping extension 'colcon_notification.desktop_notification.terminal_notifier': Not used on non-Darwin systems
[2.878s] INFO:colcon.colcon_core.plugin_system:Skipping extension 'colcon_notification.desktop_notification.win32': Not used on non-Windows systems
[2.878s] INFO:colcon.colcon_notification.desktop_notification:Sending desktop notification using 'notify2'
[2.895s] DEBUG:colcon.colcon_core.event_reactor:joined thread
[2.895s] INFO:colcon.colcon_core.shell:Creating prefix script '/home/icore/Desktop/FleetGlue/install/local_setup.ps1'
[2.897s] INFO:colcon.colcon_core.shell:Creating prefix util module '/home/icore/Desktop/FleetGlue/install/_local_setup_util_ps1.py'
[2.900s] INFO:colcon.colcon_core.shell:Creating prefix chain script '/home/icore/Desktop/FleetGlue/install/setup.ps1'
[2.904s] INFO:colcon.colcon_core.shell:Creating prefix script '/home/icore/Desktop/FleetGlue/install/local_setup.sh'
[2.905s] INFO:colcon.colcon_core.shell:Creating prefix util module '/home/icore/Desktop/FleetGlue/install/_local_setup_util_sh.py'
[2.906s] INFO:colcon.colcon_core.shell:Creating prefix chain script '/home/icore/Desktop/FleetGlue/install/setup.sh'
[2.908s] INFO:colcon.colcon_core.shell:Creating prefix script '/home/icore/Desktop/FleetGlue/install/local_setup.bash'
[2.909s] INFO:colcon.colcon_core.shell:Creating prefix chain script '/home/icore/Desktop/FleetGlue/install/setup.bash'
[2.911s] INFO:colcon.colcon_core.shell:Creating prefix script '/home/icore/Desktop/FleetGlue/install/local_setup.zsh'
[2.912s] INFO:colcon.colcon_core.shell:Creating prefix chain script '/home/icore/Desktop/FleetGlue/install/setup.zsh'
