[0.016s] Invoking command in '/home/icore/Desktop/FleetGlue/build/mission_action': CMAKE_PREFIX_PATH=${CMAKE_PREFIX_PATH}:/home/icore/Desktop/FleetGlue/install/fleet_mission:/opt/ros/humble /usr/bin/cmake --build /home/icore/Desktop/FleetGlue/build/mission_action -- -j4 -l4
[0.089s] [35m[1mConsolidate compiler generated dependencies of target mission_action__rosidl_generator_c[0m
[0.109s] [  3%] Built target mission_action__cpp
[0.119s] [ 12%] Built target mission_action__rosidl_generator_c
[0.129s] [ 12%] Built target ament_cmake_python_copy_mission_action
[0.140s] [35m[1mConsolidate compiler generated dependencies of target mission_action__rosidl_typesupport_cpp[0m
[0.145s] [35m[1mConsolidate compiler generated dependencies of target mission_action__rosidl_typesupport_fastrtps_cpp[0m
[0.151s] [35m[1mConsolidate compiler generated dependencies of target mission_action__rosidl_typesupport_introspection_cpp[0m
[0.151s] [35m[1mConsolidate compiler generated dependencies of target mission_action__rosidl_typesupport_fastrtps_c[0m
[0.177s] [ 22%] Built target mission_action__rosidl_typesupport_cpp
[0.177s] [ 32%] Built target mission_action__rosidl_typesupport_introspection_cpp
[0.199s] [35m[1mConsolidate compiler generated dependencies of target mission_action__rosidl_typesupport_introspection_c[0m
[0.202s] [ 41%] Built target mission_action__rosidl_typesupport_fastrtps_c
[0.207s] [ 51%] Built target mission_action__rosidl_typesupport_fastrtps_cpp
[0.213s] [35m[1mConsolidate compiler generated dependencies of target mission_action__rosidl_typesupport_c[0m
[0.229s] [ 61%] Built target mission_action__rosidl_typesupport_introspection_c
[0.244s] [ 70%] Built target mission_action__rosidl_typesupport_c
[0.277s] [ 70%] Built target mission_action
[0.306s] [ 74%] Built target mission_action__py
[0.327s] [35m[1mConsolidate compiler generated dependencies of target mission_action__rosidl_generator_py[0m
[0.349s] [ 80%] Built target mission_action__rosidl_generator_py
[0.370s] [35m[1mConsolidate compiler generated dependencies of target mission_action__rosidl_typesupport_introspection_c__pyext[0m
[0.371s] [35m[1mConsolidate compiler generated dependencies of target mission_action__rosidl_typesupport_fastrtps_c__pyext[0m
[0.381s] [35m[1mConsolidate compiler generated dependencies of target mission_action__rosidl_typesupport_c__pyext[0m
[0.395s] [ 87%] Built target mission_action__rosidl_typesupport_introspection_c__pyext
[0.403s] [ 93%] Built target mission_action__rosidl_typesupport_fastrtps_c__pyext
[0.431s] [100%] Built target mission_action__rosidl_typesupport_c__pyext
[0.624s] running egg_info
[0.627s] writing mission_action.egg-info/PKG-INFO
[0.627s] writing dependency_links to mission_action.egg-info/dependency_links.txt
[0.627s] writing top-level names to mission_action.egg-info/top_level.txt
[0.631s] reading manifest file 'mission_action.egg-info/SOURCES.txt'
[0.632s] writing manifest file 'mission_action.egg-info/SOURCES.txt'
[0.665s] [100%] Built target ament_cmake_python_build_mission_action_egg
[0.681s] Invoked command in '/home/icore/Desktop/FleetGlue/build/mission_action' returned '0': CMAKE_PREFIX_PATH=${CMAKE_PREFIX_PATH}:/home/icore/Desktop/FleetGlue/install/fleet_mission:/opt/ros/humble /usr/bin/cmake --build /home/icore/Desktop/FleetGlue/build/mission_action -- -j4 -l4
[0.795s] Invoking command in '/home/icore/Desktop/FleetGlue/build/mission_action': CMAKE_PREFIX_PATH=${CMAKE_PREFIX_PATH}:/home/icore/Desktop/FleetGlue/install/fleet_mission:/opt/ros/humble /usr/bin/cmake --install /home/icore/Desktop/FleetGlue/build/mission_action
[0.805s] -- Install configuration: ""
[0.805s] -- Up-to-date: /home/icore/Desktop/FleetGlue/install/mission_action/share/ament_index/resource_index/rosidl_interfaces/mission_action
[0.806s] -- Up-to-date: /home/icore/Desktop/FleetGlue/install/mission_action/include/mission_action/mission_action
[0.806s] -- Up-to-date: /home/icore/Desktop/FleetGlue/install/mission_action/include/mission_action/mission_action/action
[0.806s] -- Up-to-date: /home/icore/Desktop/FleetGlue/install/mission_action/include/mission_action/mission_action/action/mission_action.h
[0.806s] -- Up-to-date: /home/icore/Desktop/FleetGlue/install/mission_action/include/mission_action/mission_action/action/detail
[0.806s] -- Up-to-date: /home/icore/Desktop/FleetGlue/install/mission_action/include/mission_action/mission_action/action/detail/mission_action__struct.h
[0.806s] -- Up-to-date: /home/icore/Desktop/FleetGlue/install/mission_action/include/mission_action/mission_action/action/detail/mission_action__functions.h
[0.806s] -- Up-to-date: /home/icore/Desktop/FleetGlue/install/mission_action/include/mission_action/mission_action/action/detail/mission_action__functions.c
[0.806s] -- Up-to-date: /home/icore/Desktop/FleetGlue/install/mission_action/include/mission_action/mission_action/action/detail/mission_action__type_support.h
[0.806s] -- Up-to-date: /home/icore/Desktop/FleetGlue/install/mission_action/include/mission_action/mission_action/msg
[0.806s] -- Up-to-date: /home/icore/Desktop/FleetGlue/install/mission_action/include/mission_action/mission_action/msg/rosidl_generator_c__visibility_control.h
[0.807s] -- Up-to-date: /home/icore/Desktop/FleetGlue/install/mission_action/share/mission_action/environment/library_path.sh
[0.807s] -- Up-to-date: /home/icore/Desktop/FleetGlue/install/mission_action/share/mission_action/environment/library_path.dsv
[0.807s] -- Up-to-date: /home/icore/Desktop/FleetGlue/install/mission_action/lib/libmission_action__rosidl_generator_c.so
[0.807s] -- Up-to-date: /home/icore/Desktop/FleetGlue/install/mission_action/include/mission_action/mission_action
[0.807s] -- Up-to-date: /home/icore/Desktop/FleetGlue/install/mission_action/include/mission_action/mission_action/action
[0.807s] -- Up-to-date: /home/icore/Desktop/FleetGlue/install/mission_action/include/mission_action/mission_action/action/detail
[0.807s] -- Up-to-date: /home/icore/Desktop/FleetGlue/install/mission_action/include/mission_action/mission_action/action/detail/mission_action__rosidl_typesupport_fastrtps_c.h
[0.807s] -- Up-to-date: /home/icore/Desktop/FleetGlue/install/mission_action/include/mission_action/mission_action/msg
[0.807s] -- Up-to-date: /home/icore/Desktop/FleetGlue/install/mission_action/include/mission_action/mission_action/msg/rosidl_typesupport_fastrtps_c__visibility_control.h
[0.808s] -- Up-to-date: /home/icore/Desktop/FleetGlue/install/mission_action/lib/libmission_action__rosidl_typesupport_fastrtps_c.so
[0.808s] -- Up-to-date: /home/icore/Desktop/FleetGlue/install/mission_action/include/mission_action/mission_action
[0.808s] -- Up-to-date: /home/icore/Desktop/FleetGlue/install/mission_action/include/mission_action/mission_action/action
[0.808s] -- Up-to-date: /home/icore/Desktop/FleetGlue/install/mission_action/include/mission_action/mission_action/action/mission_action.hpp
[0.808s] -- Up-to-date: /home/icore/Desktop/FleetGlue/install/mission_action/include/mission_action/mission_action/action/detail
[0.808s] -- Up-to-date: /home/icore/Desktop/FleetGlue/install/mission_action/include/mission_action/mission_action/action/detail/mission_action__traits.hpp
[0.809s] -- Up-to-date: /home/icore/Desktop/FleetGlue/install/mission_action/include/mission_action/mission_action/action/detail/mission_action__builder.hpp
[0.809s] -- Up-to-date: /home/icore/Desktop/FleetGlue/install/mission_action/include/mission_action/mission_action/action/detail/mission_action__struct.hpp
[0.809s] -- Up-to-date: /home/icore/Desktop/FleetGlue/install/mission_action/include/mission_action/mission_action
[0.809s] -- Up-to-date: /home/icore/Desktop/FleetGlue/install/mission_action/include/mission_action/mission_action/action
[0.809s] -- Up-to-date: /home/icore/Desktop/FleetGlue/install/mission_action/include/mission_action/mission_action/action/detail
[0.809s] -- Up-to-date: /home/icore/Desktop/FleetGlue/install/mission_action/include/mission_action/mission_action/action/detail/dds_fastrtps
[0.809s] -- Up-to-date: /home/icore/Desktop/FleetGlue/install/mission_action/include/mission_action/mission_action/action/detail/mission_action__rosidl_typesupport_fastrtps_cpp.hpp
[0.809s] -- Up-to-date: /home/icore/Desktop/FleetGlue/install/mission_action/include/mission_action/mission_action/msg
[0.809s] -- Up-to-date: /home/icore/Desktop/FleetGlue/install/mission_action/include/mission_action/mission_action/msg/rosidl_typesupport_fastrtps_cpp__visibility_control.h
[0.809s] -- Up-to-date: /home/icore/Desktop/FleetGlue/install/mission_action/lib/libmission_action__rosidl_typesupport_fastrtps_cpp.so
[0.809s] -- Up-to-date: /home/icore/Desktop/FleetGlue/install/mission_action/include/mission_action/mission_action
[0.810s] -- Up-to-date: /home/icore/Desktop/FleetGlue/install/mission_action/include/mission_action/mission_action/action
[0.810s] -- Up-to-date: /home/icore/Desktop/FleetGlue/install/mission_action/include/mission_action/mission_action/action/detail
[0.810s] -- Up-to-date: /home/icore/Desktop/FleetGlue/install/mission_action/include/mission_action/mission_action/action/detail/mission_action__rosidl_typesupport_introspection_c.h
[0.810s] -- Up-to-date: /home/icore/Desktop/FleetGlue/install/mission_action/include/mission_action/mission_action/action/detail/mission_action__type_support.c
[0.810s] -- Up-to-date: /home/icore/Desktop/FleetGlue/install/mission_action/include/mission_action/mission_action/msg
[0.810s] -- Up-to-date: /home/icore/Desktop/FleetGlue/install/mission_action/include/mission_action/mission_action/msg/rosidl_typesupport_introspection_c__visibility_control.h
[0.810s] -- Up-to-date: /home/icore/Desktop/FleetGlue/install/mission_action/lib/libmission_action__rosidl_typesupport_introspection_c.so
[0.810s] -- Up-to-date: /home/icore/Desktop/FleetGlue/install/mission_action/lib/libmission_action__rosidl_typesupport_c.so
[0.812s] -- Up-to-date: /home/icore/Desktop/FleetGlue/install/mission_action/include/mission_action/mission_action
[0.813s] -- Up-to-date: /home/icore/Desktop/FleetGlue/install/mission_action/include/mission_action/mission_action/action
[0.813s] -- Up-to-date: /home/icore/Desktop/FleetGlue/install/mission_action/include/mission_action/mission_action/action/detail
[0.814s] -- Up-to-date: /home/icore/Desktop/FleetGlue/install/mission_action/include/mission_action/mission_action/action/detail/mission_action__rosidl_typesupport_introspection_cpp.hpp
[0.814s] -- Up-to-date: /home/icore/Desktop/FleetGlue/install/mission_action/include/mission_action/mission_action/action/detail/mission_action__type_support.cpp
[0.814s] -- Up-to-date: /home/icore/Desktop/FleetGlue/install/mission_action/lib/libmission_action__rosidl_typesupport_introspection_cpp.so
[0.814s] -- Up-to-date: /home/icore/Desktop/FleetGlue/install/mission_action/lib/libmission_action__rosidl_typesupport_cpp.so
[0.814s] -- Up-to-date: /home/icore/Desktop/FleetGlue/install/mission_action/share/mission_action/environment/pythonpath.sh
[0.814s] -- Up-to-date: /home/icore/Desktop/FleetGlue/install/mission_action/share/mission_action/environment/pythonpath.dsv
[0.814s] -- Up-to-date: /home/icore/Desktop/FleetGlue/install/mission_action/local/lib/python3.10/dist-packages/mission_action-0.0.0-py3.10.egg-info
[0.814s] -- Installing: /home/icore/Desktop/FleetGlue/install/mission_action/local/lib/python3.10/dist-packages/mission_action-0.0.0-py3.10.egg-info/dependency_links.txt
[0.814s] -- Installing: /home/icore/Desktop/FleetGlue/install/mission_action/local/lib/python3.10/dist-packages/mission_action-0.0.0-py3.10.egg-info/SOURCES.txt
[0.814s] -- Installing: /home/icore/Desktop/FleetGlue/install/mission_action/local/lib/python3.10/dist-packages/mission_action-0.0.0-py3.10.egg-info/PKG-INFO
[0.814s] -- Installing: /home/icore/Desktop/FleetGlue/install/mission_action/local/lib/python3.10/dist-packages/mission_action-0.0.0-py3.10.egg-info/top_level.txt
[0.814s] -- Up-to-date: /home/icore/Desktop/FleetGlue/install/mission_action/local/lib/python3.10/dist-packages/mission_action
[0.815s] -- Up-to-date: /home/icore/Desktop/FleetGlue/install/mission_action/local/lib/python3.10/dist-packages/mission_action/mission_action_s__rosidl_typesupport_introspection_c.cpython-310-x86_64-linux-gnu.so
[0.815s] -- Up-to-date: /home/icore/Desktop/FleetGlue/install/mission_action/local/lib/python3.10/dist-packages/mission_action/action
[0.815s] -- Up-to-date: /home/icore/Desktop/FleetGlue/install/mission_action/local/lib/python3.10/dist-packages/mission_action/action/__init__.py
[0.815s] -- Up-to-date: /home/icore/Desktop/FleetGlue/install/mission_action/local/lib/python3.10/dist-packages/mission_action/action/_mission_action.py
[0.815s] -- Up-to-date: /home/icore/Desktop/FleetGlue/install/mission_action/local/lib/python3.10/dist-packages/mission_action/action/_mission_action_s.c
[0.815s] -- Up-to-date: /home/icore/Desktop/FleetGlue/install/mission_action/local/lib/python3.10/dist-packages/mission_action/libmission_action__rosidl_generator_py.so
[0.815s] -- Up-to-date: /home/icore/Desktop/FleetGlue/install/mission_action/local/lib/python3.10/dist-packages/mission_action/_mission_action_s.ep.rosidl_typesupport_fastrtps_c.c
[0.815s] -- Up-to-date: /home/icore/Desktop/FleetGlue/install/mission_action/local/lib/python3.10/dist-packages/mission_action/__init__.py
[0.815s] -- Up-to-date: /home/icore/Desktop/FleetGlue/install/mission_action/local/lib/python3.10/dist-packages/mission_action/mission_action_s__rosidl_typesupport_c.cpython-310-x86_64-linux-gnu.so
[0.815s] -- Up-to-date: /home/icore/Desktop/FleetGlue/install/mission_action/local/lib/python3.10/dist-packages/mission_action/_mission_action_s.ep.rosidl_typesupport_introspection_c.c
[0.823s] -- Up-to-date: /home/icore/Desktop/FleetGlue/install/mission_action/local/lib/python3.10/dist-packages/mission_action/mission_action_s__rosidl_typesupport_fastrtps_c.cpython-310-x86_64-linux-gnu.so
[0.825s] -- Up-to-date: /home/icore/Desktop/FleetGlue/install/mission_action/local/lib/python3.10/dist-packages/mission_action/_mission_action_s.ep.rosidl_typesupport_c.c
[0.860s] Listing '/home/icore/Desktop/FleetGlue/install/mission_action/local/lib/python3.10/dist-packages/mission_action'...
[0.860s] Listing '/home/icore/Desktop/FleetGlue/install/mission_action/local/lib/python3.10/dist-packages/mission_action/action'...
[0.867s] -- Up-to-date: /home/icore/Desktop/FleetGlue/install/mission_action/local/lib/python3.10/dist-packages/mission_action/mission_action_s__rosidl_typesupport_fastrtps_c.cpython-310-x86_64-linux-gnu.so
[0.867s] -- Up-to-date: /home/icore/Desktop/FleetGlue/install/mission_action/local/lib/python3.10/dist-packages/mission_action/mission_action_s__rosidl_typesupport_introspection_c.cpython-310-x86_64-linux-gnu.so
[0.868s] -- Up-to-date: /home/icore/Desktop/FleetGlue/install/mission_action/local/lib/python3.10/dist-packages/mission_action/mission_action_s__rosidl_typesupport_c.cpython-310-x86_64-linux-gnu.so
[0.868s] -- Up-to-date: /home/icore/Desktop/FleetGlue/install/mission_action/lib/libmission_action__rosidl_generator_py.so
[0.869s] -- Up-to-date: /home/icore/Desktop/FleetGlue/install/mission_action/share/mission_action/action/MissionAction.idl
[0.869s] -- Up-to-date: /home/icore/Desktop/FleetGlue/install/mission_action/share/mission_action/action/MissionAction.action
[0.869s] -- Up-to-date: /home/icore/Desktop/FleetGlue/install/mission_action/share/ament_index/resource_index/package_run_dependencies/mission_action
[0.869s] -- Up-to-date: /home/icore/Desktop/FleetGlue/install/mission_action/share/ament_index/resource_index/parent_prefix_path/mission_action
[0.869s] -- Up-to-date: /home/icore/Desktop/FleetGlue/install/mission_action/share/mission_action/environment/ament_prefix_path.sh
[0.869s] -- Up-to-date: /home/icore/Desktop/FleetGlue/install/mission_action/share/mission_action/environment/ament_prefix_path.dsv
[0.869s] -- Up-to-date: /home/icore/Desktop/FleetGlue/install/mission_action/share/mission_action/environment/path.sh
[0.869s] -- Up-to-date: /home/icore/Desktop/FleetGlue/install/mission_action/share/mission_action/environment/path.dsv
[0.869s] -- Up-to-date: /home/icore/Desktop/FleetGlue/install/mission_action/share/mission_action/local_setup.bash
[0.869s] -- Up-to-date: /home/icore/Desktop/FleetGlue/install/mission_action/share/mission_action/local_setup.sh
[0.870s] -- Up-to-date: /home/icore/Desktop/FleetGlue/install/mission_action/share/mission_action/local_setup.zsh
[0.870s] -- Up-to-date: /home/icore/Desktop/FleetGlue/install/mission_action/share/mission_action/local_setup.dsv
[0.870s] -- Installing: /home/icore/Desktop/FleetGlue/install/mission_action/share/mission_action/package.dsv
[0.870s] -- Up-to-date: /home/icore/Desktop/FleetGlue/install/mission_action/share/ament_index/resource_index/packages/mission_action
[0.870s] -- Up-to-date: /home/icore/Desktop/FleetGlue/install/mission_action/share/mission_action/cmake/export_mission_action__rosidl_generator_cExport.cmake
[0.870s] -- Up-to-date: /home/icore/Desktop/FleetGlue/install/mission_action/share/mission_action/cmake/export_mission_action__rosidl_generator_cExport-noconfig.cmake
[0.870s] -- Up-to-date: /home/icore/Desktop/FleetGlue/install/mission_action/share/mission_action/cmake/export_mission_action__rosidl_typesupport_fastrtps_cExport.cmake
[0.870s] -- Up-to-date: /home/icore/Desktop/FleetGlue/install/mission_action/share/mission_action/cmake/export_mission_action__rosidl_typesupport_fastrtps_cExport-noconfig.cmake
[0.870s] -- Up-to-date: /home/icore/Desktop/FleetGlue/install/mission_action/share/mission_action/cmake/export_mission_action__rosidl_generator_cppExport.cmake
[0.870s] -- Up-to-date: /home/icore/Desktop/FleetGlue/install/mission_action/share/mission_action/cmake/export_mission_action__rosidl_typesupport_fastrtps_cppExport.cmake
[0.870s] -- Up-to-date: /home/icore/Desktop/FleetGlue/install/mission_action/share/mission_action/cmake/export_mission_action__rosidl_typesupport_fastrtps_cppExport-noconfig.cmake
[0.871s] -- Up-to-date: /home/icore/Desktop/FleetGlue/install/mission_action/share/mission_action/cmake/mission_action__rosidl_typesupport_introspection_cExport.cmake
[0.871s] -- Up-to-date: /home/icore/Desktop/FleetGlue/install/mission_action/share/mission_action/cmake/mission_action__rosidl_typesupport_introspection_cExport-noconfig.cmake
[0.871s] -- Up-to-date: /home/icore/Desktop/FleetGlue/install/mission_action/share/mission_action/cmake/mission_action__rosidl_typesupport_cExport.cmake
[0.871s] -- Up-to-date: /home/icore/Desktop/FleetGlue/install/mission_action/share/mission_action/cmake/mission_action__rosidl_typesupport_cExport-noconfig.cmake
[0.871s] -- Up-to-date: /home/icore/Desktop/FleetGlue/install/mission_action/share/mission_action/cmake/mission_action__rosidl_typesupport_introspection_cppExport.cmake
[0.871s] -- Up-to-date: /home/icore/Desktop/FleetGlue/install/mission_action/share/mission_action/cmake/mission_action__rosidl_typesupport_introspection_cppExport-noconfig.cmake
[0.871s] -- Up-to-date: /home/icore/Desktop/FleetGlue/install/mission_action/share/mission_action/cmake/mission_action__rosidl_typesupport_cppExport.cmake
[0.872s] -- Up-to-date: /home/icore/Desktop/FleetGlue/install/mission_action/share/mission_action/cmake/mission_action__rosidl_typesupport_cppExport-noconfig.cmake
[0.872s] -- Up-to-date: /home/icore/Desktop/FleetGlue/install/mission_action/share/mission_action/cmake/export_mission_action__rosidl_generator_pyExport.cmake
[0.872s] -- Up-to-date: /home/icore/Desktop/FleetGlue/install/mission_action/share/mission_action/cmake/export_mission_action__rosidl_generator_pyExport-noconfig.cmake
[0.872s] -- Up-to-date: /home/icore/Desktop/FleetGlue/install/mission_action/share/mission_action/cmake/rosidl_cmake-extras.cmake
[0.872s] -- Up-to-date: /home/icore/Desktop/FleetGlue/install/mission_action/share/mission_action/cmake/ament_cmake_export_dependencies-extras.cmake
[0.872s] -- Up-to-date: /home/icore/Desktop/FleetGlue/install/mission_action/share/mission_action/cmake/ament_cmake_export_include_directories-extras.cmake
[0.872s] -- Up-to-date: /home/icore/Desktop/FleetGlue/install/mission_action/share/mission_action/cmake/ament_cmake_export_libraries-extras.cmake
[0.872s] -- Up-to-date: /home/icore/Desktop/FleetGlue/install/mission_action/share/mission_action/cmake/ament_cmake_export_targets-extras.cmake
[0.872s] -- Up-to-date: /home/icore/Desktop/FleetGlue/install/mission_action/share/mission_action/cmake/rosidl_cmake_export_typesupport_targets-extras.cmake
[0.872s] -- Up-to-date: /home/icore/Desktop/FleetGlue/install/mission_action/share/mission_action/cmake/rosidl_cmake_export_typesupport_libraries-extras.cmake
[0.873s] -- Up-to-date: /home/icore/Desktop/FleetGlue/install/mission_action/share/mission_action/cmake/mission_actionConfig.cmake
[0.873s] -- Up-to-date: /home/icore/Desktop/FleetGlue/install/mission_action/share/mission_action/cmake/mission_actionConfig-version.cmake
[0.873s] -- Up-to-date: /home/icore/Desktop/FleetGlue/install/mission_action/share/mission_action/package.xml
[0.874s] Invoked command in '/home/icore/Desktop/FleetGlue/build/mission_action' returned '0': CMAKE_PREFIX_PATH=${CMAKE_PREFIX_PATH}:/home/icore/Desktop/FleetGlue/install/fleet_mission:/opt/ros/humble /usr/bin/cmake --install /home/icore/Desktop/FleetGlue/build/mission_action
