[0.015s] Invoking command in '/home/icore/Desktop/FleetGlue/build/mission_action': CMAKE_PREFIX_PATH=${CMAKE_PREFIX_PATH}:/home/icore/Desktop/FleetGlue/install/fleet_mission:/opt/ros/humble /usr/bin/cmake --build /home/icore/Desktop/FleetGlue/build/mission_action -- -j4 -l4
[0.056s] -- Found ament_cmake: 1.3.10 (/opt/ros/humble/share/ament_cmake/cmake)
[0.240s] -- Found action_msgs: 1.2.1 (/opt/ros/humble/share/action_msgs/cmake)
[0.272s] -- Found rosidl_generator_c: 3.1.5 (/opt/ros/humble/share/rosidl_generator_c/cmake)
[0.274s] -- Found rosidl_adapter: 3.1.5 (/opt/ros/humble/share/rosidl_adapter/cmake)
[0.281s] -- Found rosidl_generator_cpp: 3.1.5 (/opt/ros/humble/share/rosidl_generator_cpp/cmake)
[0.295s] -- Using all available rosidl_typesupport_c: rosidl_typesupport_fastrtps_c;rosidl_typesupport_introspection_c
[0.312s] -- Using all available rosidl_typesupport_cpp: rosidl_typesupport_fastrtps_cpp;rosidl_typesupport_introspection_cpp
[0.354s] -- Found rclcpp: 16.0.10 (/opt/ros/humble/share/rclcpp/cmake)
[0.383s] -- Found rmw_implementation_cmake: 6.1.2 (/opt/ros/humble/share/rmw_implementation_cmake/cmake)
[0.385s] -- Found rmw_fastrtps_cpp: 6.2.7 (/opt/ros/humble/share/rmw_fastrtps_cpp/cmake)
[0.522s] -- Using RMW implementation 'rmw_fastrtps_cpp' as default
[0.585s] -- Found rosidl_default_generators: 1.2.0 (/opt/ros/humble/share/rosidl_default_generators/cmake)
[0.808s] [31mCMake Error at /opt/ros/humble/share/rosidl_adapter/cmake/rosidl_adapt_interfaces.cmake:59 (message):
[0.809s]   execute_process(/usr/bin/python3 -m rosidl_adapter --package-name
[0.809s]   mission_action --arguments-file
[0.809s]   /home/icore/Desktop/FleetGlue/build/mission_action/rosidl_adapter__arguments__mission_action.json
[0.809s]   --output-dir
[0.809s]   /home/icore/Desktop/FleetGlue/build/mission_action/rosidl_adapter/mission_action
[0.809s]   --output-file
[0.809s]   /home/icore/Desktop/FleetGlue/build/mission_action/rosidl_adapter/mission_action.idls)
[0.809s]   returned error code 1:
[0.810s] 
[0.810s]   Traceback (most recent call last):
[0.810s] 
[0.810s]     File "/usr/lib/python3.10/runpy.py", line 196, in _run_module_as_main
[0.810s]       return _run_code(code, main_globals, None,
[0.810s]     File "/usr/lib/python3.10/runpy.py", line 86, in _run_code
[0.810s]       exec(code, run_globals)
[0.810s]     File "/opt/ros/humble/local/lib/python3.10/dist-packages/rosidl_adapter/__main__.py", line 19, in <module>
[0.810s]       sys.exit(main())
[0.810s]     File "/opt/ros/humble/local/lib/python3.10/dist-packages/rosidl_adapter/main.py", line 53, in main
[0.810s]       abs_idl_file = convert_to_idl(
[0.810s]     File "/opt/ros/humble/local/lib/python3.10/dist-packages/rosidl_adapter/__init__.py", line 29, in convert_to_idl
[0.810s]       return convert_action_to_idl(
[0.811s]     File "/opt/ros/humble/local/lib/python3.10/dist-packages/rosidl_adapter/action/__init__.py", line 28, in convert_action_to_idl
[0.811s]       action = parse_action_string(package_name, input_file.stem, content)
[0.811s]     File "/opt/ros/humble/local/lib/python3.10/dist-packages/rosidl_adapter/parser.py", line 894, in parse_action_string
[0.811s]       raise InvalidActionSpecification(
[0.811s] 
[0.811s]   rosidl_adapter.parser.InvalidActionSpecification: Number of '---'
[0.812s]   separators nonconformant with action definition
[0.812s] 
[0.812s] Call Stack (most recent call first):
[0.812s]   /opt/ros/humble/share/rosidl_cmake/cmake/rosidl_generate_interfaces.cmake:130 (rosidl_adapt_interfaces)
[0.812s]   CMakeLists.txt:14 (rosidl_generate_interfaces)
[0.812s] 
[0.812s] [0m
[0.812s] -- Configuring incomplete, errors occurred!
[0.812s] See also "/home/icore/Desktop/FleetGlue/build/mission_action/CMakeFiles/CMakeOutput.log".
[0.822s] gmake: *** [Makefile:747: cmake_check_build_system] Error 1
[0.826s] Invoked command in '/home/icore/Desktop/FleetGlue/build/mission_action' returned '2': CMAKE_PREFIX_PATH=${CMAKE_PREFIX_PATH}:/home/icore/Desktop/FleetGlue/install/fleet_mission:/opt/ros/humble /usr/bin/cmake --build /home/icore/Desktop/FleetGlue/build/mission_action -- -j4 -l4
