[0.145s] DEBUG:colcon:Command line arguments: ['/usr/bin/colcon', 'build']
[0.145s] DEBUG:colcon:Parsed command line arguments: Namespace(log_base=None, log_level=None, verb_name='build', build_base='build', install_base='install', merge_install=False, symlink_install=False, test_result_base=None, continue_on_error=False, executor='parallel', parallel_workers=4, event_handlers=None, ignore_user_meta=False, metas=['./colcon.meta'], base_paths=['.'], packages_ignore=None, packages_ignore_regex=None, paths=None, packages_up_to=None, packages_up_to_regex=None, packages_above=None, packages_above_and_dependencies=None, packages_above_depth=None, packages_select_by_dep=None, packages_skip_by_dep=None, packages_skip_up_to=None, packages_select_build_failed=False, packages_skip_build_finished=False, packages_select_test_failures=False, packages_skip_test_passed=False, packages_select=None, packages_skip=None, packages_select_regex=None, packages_skip_regex=None, packages_start=None, packages_end=None, allow_overriding=[], cmake_args=None, cmake_target=None, cmake_target_skip_unavailable=False, cmake_clean_cache=False, cmake_clean_first=False, cmake_force_configure=False, ament_cmake_args=None, catkin_cmake_args=None, catkin_skip_building_tests=False, mixin_files=None, mixin=None, verb_parser=<colcon_mixin.mixin.mixin_argument.MixinArgumentDecorator object at 0x7fda9533a680>, verb_extension=<colcon_core.verb.build.BuildVerb object at 0x7fda9533a0b0>, main=<bound method BuildVerb.main of <colcon_core.verb.build.BuildVerb object at 0x7fda9533a0b0>>, mixin_verb=('build',))
[0.359s] Level 1:colcon.colcon_core.package_discovery:discover_packages(colcon_meta) check parameters
[0.359s] Level 1:colcon.colcon_core.package_discovery:discover_packages(recursive) check parameters
[0.359s] Level 1:colcon.colcon_core.package_discovery:discover_packages(ignore) check parameters
[0.359s] Level 1:colcon.colcon_core.package_discovery:discover_packages(path) check parameters
[0.359s] Level 1:colcon.colcon_core.package_discovery:discover_packages(colcon_meta) discover
[0.359s] Level 1:colcon.colcon_core.package_discovery:discover_packages(recursive) discover
[0.359s] INFO:colcon.colcon_core.package_discovery:Crawling recursively for packages in '/home/icore/Desktop/FleetGlue'
[0.360s] Level 1:colcon.colcon_core.package_identification:_identify(.) by extensions ['ignore', 'ignore_ament_install']
[0.360s] Level 1:colcon.colcon_core.package_identification:_identify(.) by extension 'ignore'
[0.360s] Level 1:colcon.colcon_core.package_identification:_identify(.) by extension 'ignore_ament_install'
[0.360s] Level 1:colcon.colcon_core.package_identification:_identify(.) by extensions ['colcon_pkg']
[0.360s] Level 1:colcon.colcon_core.package_identification:_identify(.) by extension 'colcon_pkg'
[0.360s] Level 1:colcon.colcon_core.package_identification:_identify(.) by extensions ['colcon_meta']
[0.360s] Level 1:colcon.colcon_core.package_identification:_identify(.) by extension 'colcon_meta'
[0.360s] Level 1:colcon.colcon_core.package_identification:_identify(.) by extensions ['ros']
[0.360s] Level 1:colcon.colcon_core.package_identification:_identify(.) by extension 'ros'
[0.373s] Level 1:colcon.colcon_core.package_identification:_identify(.) by extensions ['cmake', 'python']
[0.374s] Level 1:colcon.colcon_core.package_identification:_identify(.) by extension 'cmake'
[0.374s] Level 1:colcon.colcon_core.package_identification:_identify(.) by extension 'python'
[0.374s] Level 1:colcon.colcon_core.package_identification:_identify(.) by extensions ['python_setup_py']
[0.374s] Level 1:colcon.colcon_core.package_identification:_identify(.) by extension 'python_setup_py'
[0.374s] Level 1:colcon.colcon_core.package_identification:_identify(build) by extensions ['ignore', 'ignore_ament_install']
[0.374s] Level 1:colcon.colcon_core.package_identification:_identify(build) by extension 'ignore'
[0.374s] Level 1:colcon.colcon_core.package_identification:_identify(build) ignored
[0.374s] Level 1:colcon.colcon_core.package_identification:_identify(install) by extensions ['ignore', 'ignore_ament_install']
[0.374s] Level 1:colcon.colcon_core.package_identification:_identify(install) by extension 'ignore'
[0.374s] Level 1:colcon.colcon_core.package_identification:_identify(install) ignored
[0.375s] Level 1:colcon.colcon_core.package_identification:_identify(log) by extensions ['ignore', 'ignore_ament_install']
[0.375s] Level 1:colcon.colcon_core.package_identification:_identify(log) by extension 'ignore'
[0.375s] Level 1:colcon.colcon_core.package_identification:_identify(log) ignored
[0.375s] Level 1:colcon.colcon_core.package_identification:_identify(src) by extensions ['ignore', 'ignore_ament_install']
[0.375s] Level 1:colcon.colcon_core.package_identification:_identify(src) by extension 'ignore'
[0.375s] Level 1:colcon.colcon_core.package_identification:_identify(src) by extension 'ignore_ament_install'
[0.375s] Level 1:colcon.colcon_core.package_identification:_identify(src) by extensions ['colcon_pkg']
[0.375s] Level 1:colcon.colcon_core.package_identification:_identify(src) by extension 'colcon_pkg'
[0.375s] Level 1:colcon.colcon_core.package_identification:_identify(src) by extensions ['colcon_meta']
[0.375s] Level 1:colcon.colcon_core.package_identification:_identify(src) by extension 'colcon_meta'
[0.375s] Level 1:colcon.colcon_core.package_identification:_identify(src) by extensions ['ros']
[0.375s] Level 1:colcon.colcon_core.package_identification:_identify(src) by extension 'ros'
[0.375s] Level 1:colcon.colcon_core.package_identification:_identify(src) by extensions ['cmake', 'python']
[0.375s] Level 1:colcon.colcon_core.package_identification:_identify(src) by extension 'cmake'
[0.375s] Level 1:colcon.colcon_core.package_identification:_identify(src) by extension 'python'
[0.376s] Level 1:colcon.colcon_core.package_identification:_identify(src) by extensions ['python_setup_py']
[0.376s] Level 1:colcon.colcon_core.package_identification:_identify(src) by extension 'python_setup_py'
[0.376s] Level 1:colcon.colcon_core.package_identification:_identify(src/fleet_mission) by extensions ['ignore', 'ignore_ament_install']
[0.376s] Level 1:colcon.colcon_core.package_identification:_identify(src/fleet_mission) by extension 'ignore'
[0.376s] Level 1:colcon.colcon_core.package_identification:_identify(src/fleet_mission) by extension 'ignore_ament_install'
[0.376s] Level 1:colcon.colcon_core.package_identification:_identify(src/fleet_mission) by extensions ['colcon_pkg']
[0.376s] Level 1:colcon.colcon_core.package_identification:_identify(src/fleet_mission) by extension 'colcon_pkg'
[0.376s] Level 1:colcon.colcon_core.package_identification:_identify(src/fleet_mission) by extensions ['colcon_meta']
[0.376s] Level 1:colcon.colcon_core.package_identification:_identify(src/fleet_mission) by extension 'colcon_meta'
[0.376s] Level 1:colcon.colcon_core.package_identification:_identify(src/fleet_mission) by extensions ['ros']
[0.376s] Level 1:colcon.colcon_core.package_identification:_identify(src/fleet_mission) by extension 'ros'
[0.379s] DEBUG:colcon.colcon_core.package_identification:Failed to parse potential ROS package manifest in'src/fleet_mission': Error(s) in package 'src/fleet_mission/package.xml':
The package "fleet_mission" must not "build_depend" on a package with the same name as this package
The package "fleet_mission" must not "build_export_depend" on a package with the same name as this package
The package "fleet_mission" must not "exec_depend" on a package with the same name as this package
[0.380s] Level 1:colcon.colcon_core.package_identification:_identify(src/fleet_mission) by extensions ['cmake', 'python']
[0.380s] Level 1:colcon.colcon_core.package_identification:_identify(src/fleet_mission) by extension 'cmake'
[0.380s] Level 1:colcon.colcon_core.package_identification:_identify(src/fleet_mission) by extension 'python'
[0.380s] DEBUG:colcon.colcon_core.package_identification:Python package in 'src/fleet_mission' passes arguments to the setup() function which requires a different identification extension than 'python'
[0.380s] Level 1:colcon.colcon_core.package_identification:_identify(src/fleet_mission) by extensions ['python_setup_py']
[0.380s] Level 1:colcon.colcon_core.package_identification:_identify(src/fleet_mission) by extension 'python_setup_py'
[0.690s] DEBUG:colcon.colcon_core.package_identification:Package 'src/fleet_mission' with type 'python' and name 'fleet_mission'
[0.690s] Level 1:colcon.colcon_core.package_identification:_identify(src/mission_action) by extensions ['ignore', 'ignore_ament_install']
[0.691s] Level 1:colcon.colcon_core.package_identification:_identify(src/mission_action) by extension 'ignore'
[0.691s] Level 1:colcon.colcon_core.package_identification:_identify(src/mission_action) by extension 'ignore_ament_install'
[0.691s] Level 1:colcon.colcon_core.package_identification:_identify(src/mission_action) by extensions ['colcon_pkg']
[0.691s] Level 1:colcon.colcon_core.package_identification:_identify(src/mission_action) by extension 'colcon_pkg'
[0.691s] Level 1:colcon.colcon_core.package_identification:_identify(src/mission_action) by extensions ['colcon_meta']
[0.691s] Level 1:colcon.colcon_core.package_identification:_identify(src/mission_action) by extension 'colcon_meta'
[0.691s] Level 1:colcon.colcon_core.package_identification:_identify(src/mission_action) by extensions ['ros']
[0.691s] Level 1:colcon.colcon_core.package_identification:_identify(src/mission_action) by extension 'ros'
[0.692s] DEBUG:colcon.colcon_core.package_identification:Package 'src/mission_action' with type 'ros.ament_cmake' and name 'mission_action'
[0.692s] Level 1:colcon.colcon_core.package_discovery:discover_packages(recursive) using defaults
[0.692s] Level 1:colcon.colcon_core.package_discovery:discover_packages(ignore) discover
[0.692s] Level 1:colcon.colcon_core.package_discovery:discover_packages(ignore) using defaults
[0.692s] Level 1:colcon.colcon_core.package_discovery:discover_packages(path) discover
[0.692s] Level 1:colcon.colcon_core.package_discovery:discover_packages(path) using defaults
[0.729s] Level 1:colcon.colcon_core.package_discovery:discover_packages(prefix_path) check parameters
[0.729s] Level 1:colcon.colcon_core.package_discovery:discover_packages(prefix_path) discover
[0.732s] DEBUG:colcon.colcon_installed_package_information.package_discovery:Found 2 installed packages in /home/icore/Desktop/FleetGlue/install
[0.733s] DEBUG:colcon.colcon_installed_package_information.package_discovery:Found 3 installed packages in /home/icore/ros2_ws/install
[0.734s] DEBUG:colcon.colcon_installed_package_information.package_discovery:Found 297 installed packages in /opt/ros/humble
[0.736s] Level 1:colcon.colcon_core.package_discovery:discover_packages(prefix_path) using defaults
[0.790s] Level 5:colcon.colcon_core.verb:set package 'mission_action' build argument 'cmake_args' from command line to 'None'
[0.790s] Level 5:colcon.colcon_core.verb:set package 'mission_action' build argument 'cmake_target' from command line to 'None'
[0.790s] Level 5:colcon.colcon_core.verb:set package 'mission_action' build argument 'cmake_target_skip_unavailable' from command line to 'False'
[0.790s] Level 5:colcon.colcon_core.verb:set package 'mission_action' build argument 'cmake_clean_cache' from command line to 'False'
[0.790s] Level 5:colcon.colcon_core.verb:set package 'mission_action' build argument 'cmake_clean_first' from command line to 'False'
[0.790s] Level 5:colcon.colcon_core.verb:set package 'mission_action' build argument 'cmake_force_configure' from command line to 'False'
[0.790s] Level 5:colcon.colcon_core.verb:set package 'mission_action' build argument 'ament_cmake_args' from command line to 'None'
[0.790s] Level 5:colcon.colcon_core.verb:set package 'mission_action' build argument 'catkin_cmake_args' from command line to 'None'
[0.790s] Level 5:colcon.colcon_core.verb:set package 'mission_action' build argument 'catkin_skip_building_tests' from command line to 'False'
[0.790s] DEBUG:colcon.colcon_core.verb:Building package 'mission_action' with the following arguments: {'ament_cmake_args': None, 'build_base': '/home/icore/Desktop/FleetGlue/build/mission_action', 'catkin_cmake_args': None, 'catkin_skip_building_tests': False, 'cmake_args': None, 'cmake_clean_cache': False, 'cmake_clean_first': False, 'cmake_force_configure': False, 'cmake_target': None, 'cmake_target_skip_unavailable': False, 'install_base': '/home/icore/Desktop/FleetGlue/install/mission_action', 'merge_install': False, 'path': '/home/icore/Desktop/FleetGlue/src/mission_action', 'symlink_install': False, 'test_result_base': None}
[0.791s] Level 5:colcon.colcon_core.verb:set package 'fleet_mission' build argument 'cmake_args' from command line to 'None'
[0.791s] Level 5:colcon.colcon_core.verb:set package 'fleet_mission' build argument 'cmake_target' from command line to 'None'
[0.791s] Level 5:colcon.colcon_core.verb:set package 'fleet_mission' build argument 'cmake_target_skip_unavailable' from command line to 'False'
[0.791s] Level 5:colcon.colcon_core.verb:set package 'fleet_mission' build argument 'cmake_clean_cache' from command line to 'False'
[0.791s] Level 5:colcon.colcon_core.verb:set package 'fleet_mission' build argument 'cmake_clean_first' from command line to 'False'
[0.791s] Level 5:colcon.colcon_core.verb:set package 'fleet_mission' build argument 'cmake_force_configure' from command line to 'False'
[0.791s] Level 5:colcon.colcon_core.verb:set package 'fleet_mission' build argument 'ament_cmake_args' from command line to 'None'
[0.791s] Level 5:colcon.colcon_core.verb:set package 'fleet_mission' build argument 'catkin_cmake_args' from command line to 'None'
[0.791s] Level 5:colcon.colcon_core.verb:set package 'fleet_mission' build argument 'catkin_skip_building_tests' from command line to 'False'
[0.791s] DEBUG:colcon.colcon_core.verb:Building package 'fleet_mission' with the following arguments: {'ament_cmake_args': None, 'build_base': '/home/icore/Desktop/FleetGlue/build/fleet_mission', 'catkin_cmake_args': None, 'catkin_skip_building_tests': False, 'cmake_args': None, 'cmake_clean_cache': False, 'cmake_clean_first': False, 'cmake_force_configure': False, 'cmake_target': None, 'cmake_target_skip_unavailable': False, 'install_base': '/home/icore/Desktop/FleetGlue/install/fleet_mission', 'merge_install': False, 'path': '/home/icore/Desktop/FleetGlue/src/fleet_mission', 'symlink_install': False, 'test_result_base': None}
[0.791s] INFO:colcon.colcon_core.executor:Executing jobs using 'parallel' executor
[0.792s] DEBUG:colcon.colcon_parallel_executor.executor.parallel:run_until_complete
[0.793s] INFO:colcon.colcon_ros.task.ament_cmake.build:Building ROS package in '/home/icore/Desktop/FleetGlue/src/mission_action' with build type 'ament_cmake'
[0.793s] INFO:colcon.colcon_cmake.task.cmake.build:Building CMake package in '/home/icore/Desktop/FleetGlue/src/mission_action'
[0.796s] INFO:colcon.colcon_core.plugin_system:Skipping extension 'colcon_core.shell.bat': Not used on non-Windows systems
[0.796s] INFO:colcon.colcon_core.shell:Skip shell extension 'powershell' for command environment: Not usable outside of PowerShell
[0.796s] DEBUG:colcon.colcon_core.shell:Skip shell extension 'dsv' for command environment
[0.809s] DEBUG:colcon.colcon_core.event_handler.log_command:Invoking command in '/home/icore/Desktop/FleetGlue/build/mission_action': CMAKE_PREFIX_PATH=${CMAKE_PREFIX_PATH}:/home/icore/Desktop/FleetGlue/install/fleet_mission:/opt/ros/humble /usr/bin/cmake --build /home/icore/Desktop/FleetGlue/build/mission_action -- -j4 -l4
[1.620s] DEBUG:colcon.colcon_core.event_handler.log_command:Invoked command in '/home/icore/Desktop/FleetGlue/build/mission_action' returned '2': CMAKE_PREFIX_PATH=${CMAKE_PREFIX_PATH}:/home/icore/Desktop/FleetGlue/install/fleet_mission:/opt/ros/humble /usr/bin/cmake --build /home/icore/Desktop/FleetGlue/build/mission_action -- -j4 -l4
[1.713s] Level 1:colcon.colcon_core.environment:create_environment_scripts_only(mission_action)
[1.716s] Level 1:colcon.colcon_core.environment:checking '/home/icore/Desktop/FleetGlue/install/mission_action' for CMake module files
[1.717s] Level 1:colcon.colcon_core.environment:checking '/home/icore/Desktop/FleetGlue/install/mission_action' for CMake config files
[1.718s] Level 1:colcon.colcon_core.shell:create_environment_hook('mission_action', 'cmake_prefix_path')
[1.718s] INFO:colcon.colcon_core.shell:Creating environment hook '/home/icore/Desktop/FleetGlue/install/mission_action/share/mission_action/hook/cmake_prefix_path.ps1'
[1.719s] INFO:colcon.colcon_core.shell:Creating environment descriptor '/home/icore/Desktop/FleetGlue/install/mission_action/share/mission_action/hook/cmake_prefix_path.dsv'
[1.720s] INFO:colcon.colcon_core.shell:Creating environment hook '/home/icore/Desktop/FleetGlue/install/mission_action/share/mission_action/hook/cmake_prefix_path.sh'
[1.722s] Level 1:colcon.colcon_core.environment:checking '/home/icore/Desktop/FleetGlue/install/mission_action/lib'
[1.722s] Level 1:colcon.colcon_core.shell:create_environment_hook('mission_action', 'ld_library_path_lib')
[1.723s] INFO:colcon.colcon_core.shell:Creating environment hook '/home/icore/Desktop/FleetGlue/install/mission_action/share/mission_action/hook/ld_library_path_lib.ps1'
[1.723s] INFO:colcon.colcon_core.shell:Creating environment descriptor '/home/icore/Desktop/FleetGlue/install/mission_action/share/mission_action/hook/ld_library_path_lib.dsv'
[1.724s] INFO:colcon.colcon_core.shell:Creating environment hook '/home/icore/Desktop/FleetGlue/install/mission_action/share/mission_action/hook/ld_library_path_lib.sh'
[1.724s] Level 1:colcon.colcon_core.environment:checking '/home/icore/Desktop/FleetGlue/install/mission_action/bin'
[1.724s] Level 1:colcon.colcon_core.environment:checking '/home/icore/Desktop/FleetGlue/install/mission_action/lib/pkgconfig/mission_action.pc'
[1.724s] Level 1:colcon.colcon_core.environment:checking '/home/icore/Desktop/FleetGlue/install/mission_action/lib/python3.10/site-packages'
[1.725s] Level 1:colcon.colcon_core.environment:checking '/home/icore/Desktop/FleetGlue/install/mission_action/bin'
[1.725s] INFO:colcon.colcon_core.shell:Creating package script '/home/icore/Desktop/FleetGlue/install/mission_action/share/mission_action/package.ps1'
[1.726s] INFO:colcon.colcon_core.shell:Creating package descriptor '/home/icore/Desktop/FleetGlue/install/mission_action/share/mission_action/package.dsv'
[1.727s] INFO:colcon.colcon_core.shell:Creating package script '/home/icore/Desktop/FleetGlue/install/mission_action/share/mission_action/package.sh'
[1.728s] INFO:colcon.colcon_core.shell:Creating package script '/home/icore/Desktop/FleetGlue/install/mission_action/share/mission_action/package.bash'
[1.729s] INFO:colcon.colcon_core.shell:Creating package script '/home/icore/Desktop/FleetGlue/install/mission_action/share/mission_action/package.zsh'
[1.729s] Level 1:colcon.colcon_core.environment:create_file_with_runtime_dependencies(/home/icore/Desktop/FleetGlue/install/mission_action/share/colcon-core/packages/mission_action)
[1.740s] DEBUG:colcon.colcon_parallel_executor.executor.parallel:closing loop
[1.740s] DEBUG:colcon.colcon_parallel_executor.executor.parallel:loop closed
[1.740s] DEBUG:colcon.colcon_parallel_executor.executor.parallel:run_until_complete finished with '2'
[1.740s] DEBUG:colcon.colcon_core.event_reactor:joining thread
[1.750s] INFO:colcon.colcon_core.plugin_system:Skipping extension 'colcon_notification.desktop_notification.terminal_notifier': Not used on non-Darwin systems
[1.750s] INFO:colcon.colcon_core.plugin_system:Skipping extension 'colcon_notification.desktop_notification.win32': Not used on non-Windows systems
[1.751s] INFO:colcon.colcon_notification.desktop_notification:Sending desktop notification using 'notify2'
[1.771s] DEBUG:colcon.colcon_core.event_reactor:joined thread
[1.772s] INFO:colcon.colcon_core.shell:Creating prefix script '/home/icore/Desktop/FleetGlue/install/local_setup.ps1'
[1.776s] INFO:colcon.colcon_core.shell:Creating prefix util module '/home/icore/Desktop/FleetGlue/install/_local_setup_util_ps1.py'
[1.780s] INFO:colcon.colcon_core.shell:Creating prefix chain script '/home/icore/Desktop/FleetGlue/install/setup.ps1'
[1.782s] INFO:colcon.colcon_core.shell:Creating prefix script '/home/icore/Desktop/FleetGlue/install/local_setup.sh'
[1.783s] INFO:colcon.colcon_core.shell:Creating prefix util module '/home/icore/Desktop/FleetGlue/install/_local_setup_util_sh.py'
[1.786s] INFO:colcon.colcon_core.shell:Creating prefix chain script '/home/icore/Desktop/FleetGlue/install/setup.sh'
[1.789s] INFO:colcon.colcon_core.shell:Creating prefix script '/home/icore/Desktop/FleetGlue/install/local_setup.bash'
[1.790s] INFO:colcon.colcon_core.shell:Creating prefix chain script '/home/icore/Desktop/FleetGlue/install/setup.bash'
[1.792s] INFO:colcon.colcon_core.shell:Creating prefix script '/home/icore/Desktop/FleetGlue/install/local_setup.zsh'
[1.792s] INFO:colcon.colcon_core.shell:Creating prefix chain script '/home/icore/Desktop/FleetGlue/install/setup.zsh'
