[0.837s] Invoking command in '/home/icore/Desktop/FleetGlue/src/fleet_mission': LD_LIBRARY_PATH=/home/icore/Desktop/FleetGlue/install/mission_action/lib:/opt/ros/humble/lib:/usr/lib/x86_64-linux-gnu/gazebo-11/plugins:/opt/ros/humble/opt/rviz_ogre_vendor/lib:/opt/ros/humble/lib/x86_64-linux-gnu:/opt/ros/humble/lib PYTHONPATH=/home/icore/Desktop/FleetGlue/build/fleet_mission/prefix_override:/usr/lib/python3/dist-packages/colcon_core/task/python/colcon_distutils_commands:/home/icore/Desktop/FleetGlue/install/fleet_mission/lib/python3.10/site-packages:${PYTHONPATH} /usr/bin/python3 -W ignore:setup.py install is deprecated setup.py egg_info --egg-base ../../build/fleet_mission build --build-base /home/icore/Desktop/FleetGlue/build/fleet_mission/build install --record /home/icore/Desktop/FleetGlue/build/fleet_mission/install.log --single-version-externally-managed install_data
[1.149s] running egg_info
[1.151s] writing ../../build/fleet_mission/fleet_mission.egg-info/PKG-INFO
[1.151s] writing dependency_links to ../../build/fleet_mission/fleet_mission.egg-info/dependency_links.txt
[1.151s] writing entry points to ../../build/fleet_mission/fleet_mission.egg-info/entry_points.txt
[1.152s] writing requirements to ../../build/fleet_mission/fleet_mission.egg-info/requires.txt
[1.152s] writing top-level names to ../../build/fleet_mission/fleet_mission.egg-info/top_level.txt
[1.156s] reading manifest file '../../build/fleet_mission/fleet_mission.egg-info/SOURCES.txt'
[1.157s] writing manifest file '../../build/fleet_mission/fleet_mission.egg-info/SOURCES.txt'
[1.157s] running build
[1.157s] running build_py
[1.157s] copying fleet_mission/rn1.py -> /home/icore/Desktop/FleetGlue/build/fleet_mission/build/lib/fleet_mission
[1.158s] running install
[1.158s] running install_lib
[1.159s] copying /home/icore/Desktop/FleetGlue/build/fleet_mission/build/lib/fleet_mission/rn1.py -> /home/icore/Desktop/FleetGlue/install/fleet_mission/lib/python3.10/site-packages/fleet_mission
[1.160s] byte-compiling /home/icore/Desktop/FleetGlue/install/fleet_mission/lib/python3.10/site-packages/fleet_mission/rn1.py to rn1.cpython-310.pyc
[1.161s] running install_data
[1.161s] running install_egg_info
[1.164s] removing '/home/icore/Desktop/FleetGlue/install/fleet_mission/lib/python3.10/site-packages/fleet_mission-0.0.1-py3.10.egg-info' (and everything under it)
[1.164s] Copying ../../build/fleet_mission/fleet_mission.egg-info to /home/icore/Desktop/FleetGlue/install/fleet_mission/lib/python3.10/site-packages/fleet_mission-0.0.1-py3.10.egg-info
[1.165s] running install_scripts
[1.188s] Installing rn1 script to /home/icore/Desktop/FleetGlue/install/fleet_mission/lib/fleet_mission
[1.189s] Installing rn2 script to /home/icore/Desktop/FleetGlue/install/fleet_mission/lib/fleet_mission
[1.189s] writing list of installed files to '/home/icore/Desktop/FleetGlue/build/fleet_mission/install.log'
[1.215s] Invoked command in '/home/icore/Desktop/FleetGlue/src/fleet_mission' returned '0': LD_LIBRARY_PATH=/home/icore/Desktop/FleetGlue/install/mission_action/lib:/opt/ros/humble/lib:/usr/lib/x86_64-linux-gnu/gazebo-11/plugins:/opt/ros/humble/opt/rviz_ogre_vendor/lib:/opt/ros/humble/lib/x86_64-linux-gnu:/opt/ros/humble/lib PYTHONPATH=/home/icore/Desktop/FleetGlue/build/fleet_mission/prefix_override:/usr/lib/python3/dist-packages/colcon_core/task/python/colcon_distutils_commands:/home/icore/Desktop/FleetGlue/install/fleet_mission/lib/python3.10/site-packages:${PYTHONPATH} /usr/bin/python3 -W ignore:setup.py install is deprecated setup.py egg_info --egg-base ../../build/fleet_mission build --build-base /home/icore/Desktop/FleetGlue/build/fleet_mission/build install --record /home/icore/Desktop/FleetGlue/build/fleet_mission/install.log --single-version-externally-managed install_data
