[0.015s] Invoking command in '/home/icore/Desktop/FleetGlue/build/mission_action': CMAKE_PREFIX_PATH=${CMAKE_PREFIX_PATH}:/home/icore/Desktop/FleetGlue/install/fleet_mission:/opt/ros/humble /usr/bin/cmake --build /home/icore/Desktop/FleetGlue/build/mission_action -- -j4 -l4
[0.079s] [35m[1mConsolidate compiler generated dependencies of target mission_action__rosidl_generator_c[0m
[0.092s] [  3%] Built target mission_action__cpp
[0.096s] [ 12%] Built target mission_action__rosidl_generator_c
[0.108s] [ 12%] Built target ament_cmake_python_copy_mission_action
[0.108s] [35m[1mConsolidate compiler generated dependencies of target mission_action__rosidl_typesupport_cpp[0m
[0.115s] [35m[1mConsolidate compiler generated dependencies of target mission_action__rosidl_typesupport_introspection_cpp[0m
[0.122s] [35m[1mConsolidate compiler generated dependencies of target mission_action__rosidl_typesupport_fastrtps_cpp[0m
[0.140s] [35m[1mConsolidate compiler generated dependencies of target mission_action__rosidl_typesupport_fastrtps_c[0m
[0.159s] [ 22%] Built target mission_action__rosidl_typesupport_fastrtps_cpp
[0.163s] [ 32%] Built target mission_action__rosidl_typesupport_introspection_cpp
[0.165s] [ 41%] Built target mission_action__rosidl_typesupport_cpp
[0.177s] [35m[1mConsolidate compiler generated dependencies of target mission_action__rosidl_typesupport_introspection_c[0m
[0.181s] [ 51%] Built target mission_action__rosidl_typesupport_fastrtps_c
[0.186s] [35m[1mConsolidate compiler generated dependencies of target mission_action__rosidl_typesupport_c[0m
[0.203s] [ 61%] Built target mission_action__rosidl_typesupport_introspection_c
[0.215s] [ 70%] Built target mission_action__rosidl_typesupport_c
[0.261s] [ 70%] Built target mission_action
[0.292s] [ 74%] Built target mission_action__py
[0.310s] [35m[1mConsolidate compiler generated dependencies of target mission_action__rosidl_generator_py[0m
[0.335s] [ 80%] Built target mission_action__rosidl_generator_py
[0.356s] [35m[1mConsolidate compiler generated dependencies of target mission_action__rosidl_typesupport_fastrtps_c__pyext[0m
[0.356s] [35m[1mConsolidate compiler generated dependencies of target mission_action__rosidl_typesupport_introspection_c__pyext[0m
[0.372s] [35m[1mConsolidate compiler generated dependencies of target mission_action__rosidl_typesupport_c__pyext[0m
[0.381s] [ 87%] Built target mission_action__rosidl_typesupport_fastrtps_c__pyext
[0.383s] [ 93%] Built target mission_action__rosidl_typesupport_introspection_c__pyext
[0.394s] [100%] Built target mission_action__rosidl_typesupport_c__pyext
[0.580s] running egg_info
[0.581s] writing mission_action.egg-info/PKG-INFO
[0.583s] writing dependency_links to mission_action.egg-info/dependency_links.txt
[0.583s] writing top-level names to mission_action.egg-info/top_level.txt
[0.584s] reading manifest file 'mission_action.egg-info/SOURCES.txt'
[0.585s] writing manifest file 'mission_action.egg-info/SOURCES.txt'
[0.628s] [100%] Built target ament_cmake_python_build_mission_action_egg
[0.645s] Invoked command in '/home/icore/Desktop/FleetGlue/build/mission_action' returned '0': CMAKE_PREFIX_PATH=${CMAKE_PREFIX_PATH}:/home/icore/Desktop/FleetGlue/install/fleet_mission:/opt/ros/humble /usr/bin/cmake --build /home/icore/Desktop/FleetGlue/build/mission_action -- -j4 -l4
[0.752s] Invoking command in '/home/icore/Desktop/FleetGlue/build/mission_action': CMAKE_PREFIX_PATH=${CMAKE_PREFIX_PATH}:/home/icore/Desktop/FleetGlue/install/fleet_mission:/opt/ros/humble /usr/bin/cmake --install /home/icore/Desktop/FleetGlue/build/mission_action
[0.764s] -- Install configuration: ""
[0.764s] -- Up-to-date: /home/icore/Desktop/FleetGlue/install/mission_action/share/ament_index/resource_index/rosidl_interfaces/mission_action
[0.764s] -- Up-to-date: /home/icore/Desktop/FleetGlue/install/mission_action/include/mission_action/mission_action
[0.764s] -- Up-to-date: /home/icore/Desktop/FleetGlue/install/mission_action/include/mission_action/mission_action/action
[0.764s] -- Up-to-date: /home/icore/Desktop/FleetGlue/install/mission_action/include/mission_action/mission_action/action/mission_action.h
[0.764s] -- Up-to-date: /home/icore/Desktop/FleetGlue/install/mission_action/include/mission_action/mission_action/action/detail
[0.764s] -- Up-to-date: /home/icore/Desktop/FleetGlue/install/mission_action/include/mission_action/mission_action/action/detail/mission_action__struct.h
[0.764s] -- Up-to-date: /home/icore/Desktop/FleetGlue/install/mission_action/include/mission_action/mission_action/action/detail/mission_action__functions.h
[0.765s] -- Up-to-date: /home/icore/Desktop/FleetGlue/install/mission_action/include/mission_action/mission_action/action/detail/mission_action__functions.c
[0.765s] -- Up-to-date: /home/icore/Desktop/FleetGlue/install/mission_action/include/mission_action/mission_action/action/detail/mission_action__type_support.h
[0.765s] -- Up-to-date: /home/icore/Desktop/FleetGlue/install/mission_action/include/mission_action/mission_action/msg
[0.765s] -- Up-to-date: /home/icore/Desktop/FleetGlue/install/mission_action/include/mission_action/mission_action/msg/rosidl_generator_c__visibility_control.h
[0.766s] -- Up-to-date: /home/icore/Desktop/FleetGlue/install/mission_action/share/mission_action/environment/library_path.sh
[0.766s] -- Up-to-date: /home/icore/Desktop/FleetGlue/install/mission_action/share/mission_action/environment/library_path.dsv
[0.766s] -- Up-to-date: /home/icore/Desktop/FleetGlue/install/mission_action/lib/libmission_action__rosidl_generator_c.so
[0.766s] -- Up-to-date: /home/icore/Desktop/FleetGlue/install/mission_action/include/mission_action/mission_action
[0.766s] -- Up-to-date: /home/icore/Desktop/FleetGlue/install/mission_action/include/mission_action/mission_action/action
[0.766s] -- Up-to-date: /home/icore/Desktop/FleetGlue/install/mission_action/include/mission_action/mission_action/action/detail
[0.766s] -- Up-to-date: /home/icore/Desktop/FleetGlue/install/mission_action/include/mission_action/mission_action/action/detail/mission_action__rosidl_typesupport_fastrtps_c.h
[0.766s] -- Up-to-date: /home/icore/Desktop/FleetGlue/install/mission_action/include/mission_action/mission_action/msg
[0.766s] -- Up-to-date: /home/icore/Desktop/FleetGlue/install/mission_action/include/mission_action/mission_action/msg/rosidl_typesupport_fastrtps_c__visibility_control.h
[0.766s] -- Up-to-date: /home/icore/Desktop/FleetGlue/install/mission_action/lib/libmission_action__rosidl_typesupport_fastrtps_c.so
[0.767s] -- Up-to-date: /home/icore/Desktop/FleetGlue/install/mission_action/include/mission_action/mission_action
[0.767s] -- Up-to-date: /home/icore/Desktop/FleetGlue/install/mission_action/include/mission_action/mission_action/action
[0.767s] -- Up-to-date: /home/icore/Desktop/FleetGlue/install/mission_action/include/mission_action/mission_action/action/mission_action.hpp
[0.767s] -- Up-to-date: /home/icore/Desktop/FleetGlue/install/mission_action/include/mission_action/mission_action/action/detail
[0.767s] -- Up-to-date: /home/icore/Desktop/FleetGlue/install/mission_action/include/mission_action/mission_action/action/detail/mission_action__traits.hpp
[0.767s] -- Up-to-date: /home/icore/Desktop/FleetGlue/install/mission_action/include/mission_action/mission_action/action/detail/mission_action__builder.hpp
[0.767s] -- Up-to-date: /home/icore/Desktop/FleetGlue/install/mission_action/include/mission_action/mission_action/action/detail/mission_action__struct.hpp
[0.767s] -- Up-to-date: /home/icore/Desktop/FleetGlue/install/mission_action/include/mission_action/mission_action
[0.767s] -- Up-to-date: /home/icore/Desktop/FleetGlue/install/mission_action/include/mission_action/mission_action/action
[0.767s] -- Up-to-date: /home/icore/Desktop/FleetGlue/install/mission_action/include/mission_action/mission_action/action/detail
[0.768s] -- Up-to-date: /home/icore/Desktop/FleetGlue/install/mission_action/include/mission_action/mission_action/action/detail/dds_fastrtps
[0.768s] -- Up-to-date: /home/icore/Desktop/FleetGlue/install/mission_action/include/mission_action/mission_action/action/detail/mission_action__rosidl_typesupport_fastrtps_cpp.hpp
[0.768s] -- Up-to-date: /home/icore/Desktop/FleetGlue/install/mission_action/include/mission_action/mission_action/msg
[0.768s] -- Up-to-date: /home/icore/Desktop/FleetGlue/install/mission_action/include/mission_action/mission_action/msg/rosidl_typesupport_fastrtps_cpp__visibility_control.h
[0.768s] -- Up-to-date: /home/icore/Desktop/FleetGlue/install/mission_action/lib/libmission_action__rosidl_typesupport_fastrtps_cpp.so
[0.768s] -- Up-to-date: /home/icore/Desktop/FleetGlue/install/mission_action/include/mission_action/mission_action
[0.768s] -- Up-to-date: /home/icore/Desktop/FleetGlue/install/mission_action/include/mission_action/mission_action/action
[0.769s] -- Up-to-date: /home/icore/Desktop/FleetGlue/install/mission_action/include/mission_action/mission_action/action/detail
[0.769s] -- Up-to-date: /home/icore/Desktop/FleetGlue/install/mission_action/include/mission_action/mission_action/action/detail/mission_action__rosidl_typesupport_introspection_c.h
[0.769s] -- Up-to-date: /home/icore/Desktop/FleetGlue/install/mission_action/include/mission_action/mission_action/action/detail/mission_action__type_support.c
[0.769s] -- Up-to-date: /home/icore/Desktop/FleetGlue/install/mission_action/include/mission_action/mission_action/msg
[0.769s] -- Up-to-date: /home/icore/Desktop/FleetGlue/install/mission_action/include/mission_action/mission_action/msg/rosidl_typesupport_introspection_c__visibility_control.h
[0.769s] -- Up-to-date: /home/icore/Desktop/FleetGlue/install/mission_action/lib/libmission_action__rosidl_typesupport_introspection_c.so
[0.769s] -- Up-to-date: /home/icore/Desktop/FleetGlue/install/mission_action/lib/libmission_action__rosidl_typesupport_c.so
[0.770s] -- Up-to-date: /home/icore/Desktop/FleetGlue/install/mission_action/include/mission_action/mission_action
[0.770s] -- Up-to-date: /home/icore/Desktop/FleetGlue/install/mission_action/include/mission_action/mission_action/action
[0.770s] -- Up-to-date: /home/icore/Desktop/FleetGlue/install/mission_action/include/mission_action/mission_action/action/detail
[0.770s] -- Up-to-date: /home/icore/Desktop/FleetGlue/install/mission_action/include/mission_action/mission_action/action/detail/mission_action__rosidl_typesupport_introspection_cpp.hpp
[0.770s] -- Up-to-date: /home/icore/Desktop/FleetGlue/install/mission_action/include/mission_action/mission_action/action/detail/mission_action__type_support.cpp
[0.770s] -- Up-to-date: /home/icore/Desktop/FleetGlue/install/mission_action/lib/libmission_action__rosidl_typesupport_introspection_cpp.so
[0.770s] -- Up-to-date: /home/icore/Desktop/FleetGlue/install/mission_action/lib/libmission_action__rosidl_typesupport_cpp.so
[0.771s] -- Up-to-date: /home/icore/Desktop/FleetGlue/install/mission_action/share/mission_action/environment/pythonpath.sh
[0.771s] -- Up-to-date: /home/icore/Desktop/FleetGlue/install/mission_action/share/mission_action/environment/pythonpath.dsv
[0.771s] -- Up-to-date: /home/icore/Desktop/FleetGlue/install/mission_action/local/lib/python3.10/dist-packages/mission_action-0.0.0-py3.10.egg-info
[0.771s] -- Installing: /home/icore/Desktop/FleetGlue/install/mission_action/local/lib/python3.10/dist-packages/mission_action-0.0.0-py3.10.egg-info/dependency_links.txt
[0.771s] -- Installing: /home/icore/Desktop/FleetGlue/install/mission_action/local/lib/python3.10/dist-packages/mission_action-0.0.0-py3.10.egg-info/SOURCES.txt
[0.771s] -- Installing: /home/icore/Desktop/FleetGlue/install/mission_action/local/lib/python3.10/dist-packages/mission_action-0.0.0-py3.10.egg-info/PKG-INFO
[0.771s] -- Installing: /home/icore/Desktop/FleetGlue/install/mission_action/local/lib/python3.10/dist-packages/mission_action-0.0.0-py3.10.egg-info/top_level.txt
[0.771s] -- Up-to-date: /home/icore/Desktop/FleetGlue/install/mission_action/local/lib/python3.10/dist-packages/mission_action
[0.772s] -- Up-to-date: /home/icore/Desktop/FleetGlue/install/mission_action/local/lib/python3.10/dist-packages/mission_action/mission_action_s__rosidl_typesupport_introspection_c.cpython-310-x86_64-linux-gnu.so
[0.773s] -- Up-to-date: /home/icore/Desktop/FleetGlue/install/mission_action/local/lib/python3.10/dist-packages/mission_action/action
[0.773s] -- Up-to-date: /home/icore/Desktop/FleetGlue/install/mission_action/local/lib/python3.10/dist-packages/mission_action/action/__init__.py
[0.773s] -- Up-to-date: /home/icore/Desktop/FleetGlue/install/mission_action/local/lib/python3.10/dist-packages/mission_action/action/_mission_action.py
[0.773s] -- Up-to-date: /home/icore/Desktop/FleetGlue/install/mission_action/local/lib/python3.10/dist-packages/mission_action/action/_mission_action_s.c
[0.773s] -- Up-to-date: /home/icore/Desktop/FleetGlue/install/mission_action/local/lib/python3.10/dist-packages/mission_action/libmission_action__rosidl_generator_py.so
[0.773s] -- Up-to-date: /home/icore/Desktop/FleetGlue/install/mission_action/local/lib/python3.10/dist-packages/mission_action/_mission_action_s.ep.rosidl_typesupport_fastrtps_c.c
[0.773s] -- Up-to-date: /home/icore/Desktop/FleetGlue/install/mission_action/local/lib/python3.10/dist-packages/mission_action/__init__.py
[0.773s] -- Up-to-date: /home/icore/Desktop/FleetGlue/install/mission_action/local/lib/python3.10/dist-packages/mission_action/mission_action_s__rosidl_typesupport_c.cpython-310-x86_64-linux-gnu.so
[0.773s] -- Up-to-date: /home/icore/Desktop/FleetGlue/install/mission_action/local/lib/python3.10/dist-packages/mission_action/_mission_action_s.ep.rosidl_typesupport_introspection_c.c
[0.773s] -- Up-to-date: /home/icore/Desktop/FleetGlue/install/mission_action/local/lib/python3.10/dist-packages/mission_action/mission_action_s__rosidl_typesupport_fastrtps_c.cpython-310-x86_64-linux-gnu.so
[0.773s] -- Up-to-date: /home/icore/Desktop/FleetGlue/install/mission_action/local/lib/python3.10/dist-packages/mission_action/_mission_action_s.ep.rosidl_typesupport_c.c
[0.811s] Listing '/home/icore/Desktop/FleetGlue/install/mission_action/local/lib/python3.10/dist-packages/mission_action'...
[0.811s] Listing '/home/icore/Desktop/FleetGlue/install/mission_action/local/lib/python3.10/dist-packages/mission_action/action'...
[0.822s] -- Up-to-date: /home/icore/Desktop/FleetGlue/install/mission_action/local/lib/python3.10/dist-packages/mission_action/mission_action_s__rosidl_typesupport_fastrtps_c.cpython-310-x86_64-linux-gnu.so
[0.823s] -- Up-to-date: /home/icore/Desktop/FleetGlue/install/mission_action/local/lib/python3.10/dist-packages/mission_action/mission_action_s__rosidl_typesupport_introspection_c.cpython-310-x86_64-linux-gnu.so
[0.823s] -- Up-to-date: /home/icore/Desktop/FleetGlue/install/mission_action/local/lib/python3.10/dist-packages/mission_action/mission_action_s__rosidl_typesupport_c.cpython-310-x86_64-linux-gnu.so
[0.823s] -- Up-to-date: /home/icore/Desktop/FleetGlue/install/mission_action/lib/libmission_action__rosidl_generator_py.so
[0.824s] -- Up-to-date: /home/icore/Desktop/FleetGlue/install/mission_action/share/mission_action/action/MissionAction.idl
[0.824s] -- Up-to-date: /home/icore/Desktop/FleetGlue/install/mission_action/share/mission_action/action/MissionAction.action
[0.824s] -- Up-to-date: /home/icore/Desktop/FleetGlue/install/mission_action/share/ament_index/resource_index/package_run_dependencies/mission_action
[0.824s] -- Up-to-date: /home/icore/Desktop/FleetGlue/install/mission_action/share/ament_index/resource_index/parent_prefix_path/mission_action
[0.824s] -- Up-to-date: /home/icore/Desktop/FleetGlue/install/mission_action/share/mission_action/environment/ament_prefix_path.sh
[0.824s] -- Up-to-date: /home/icore/Desktop/FleetGlue/install/mission_action/share/mission_action/environment/ament_prefix_path.dsv
[0.825s] -- Up-to-date: /home/icore/Desktop/FleetGlue/install/mission_action/share/mission_action/environment/path.sh
[0.825s] -- Up-to-date: /home/icore/Desktop/FleetGlue/install/mission_action/share/mission_action/environment/path.dsv
[0.825s] -- Up-to-date: /home/icore/Desktop/FleetGlue/install/mission_action/share/mission_action/local_setup.bash
[0.825s] -- Up-to-date: /home/icore/Desktop/FleetGlue/install/mission_action/share/mission_action/local_setup.sh
[0.825s] -- Up-to-date: /home/icore/Desktop/FleetGlue/install/mission_action/share/mission_action/local_setup.zsh
[0.825s] -- Up-to-date: /home/icore/Desktop/FleetGlue/install/mission_action/share/mission_action/local_setup.dsv
[0.825s] -- Installing: /home/icore/Desktop/FleetGlue/install/mission_action/share/mission_action/package.dsv
[0.825s] -- Up-to-date: /home/icore/Desktop/FleetGlue/install/mission_action/share/ament_index/resource_index/packages/mission_action
[0.825s] -- Up-to-date: /home/icore/Desktop/FleetGlue/install/mission_action/share/mission_action/cmake/export_mission_action__rosidl_generator_cExport.cmake
[0.825s] -- Up-to-date: /home/icore/Desktop/FleetGlue/install/mission_action/share/mission_action/cmake/export_mission_action__rosidl_generator_cExport-noconfig.cmake
[0.825s] -- Up-to-date: /home/icore/Desktop/FleetGlue/install/mission_action/share/mission_action/cmake/export_mission_action__rosidl_typesupport_fastrtps_cExport.cmake
[0.826s] -- Up-to-date: /home/icore/Desktop/FleetGlue/install/mission_action/share/mission_action/cmake/export_mission_action__rosidl_typesupport_fastrtps_cExport-noconfig.cmake
[0.826s] -- Up-to-date: /home/icore/Desktop/FleetGlue/install/mission_action/share/mission_action/cmake/export_mission_action__rosidl_generator_cppExport.cmake
[0.827s] -- Up-to-date: /home/icore/Desktop/FleetGlue/install/mission_action/share/mission_action/cmake/export_mission_action__rosidl_typesupport_fastrtps_cppExport.cmake
[0.827s] -- Up-to-date: /home/icore/Desktop/FleetGlue/install/mission_action/share/mission_action/cmake/export_mission_action__rosidl_typesupport_fastrtps_cppExport-noconfig.cmake
[0.827s] -- Up-to-date: /home/icore/Desktop/FleetGlue/install/mission_action/share/mission_action/cmake/mission_action__rosidl_typesupport_introspection_cExport.cmake
[0.827s] -- Up-to-date: /home/icore/Desktop/FleetGlue/install/mission_action/share/mission_action/cmake/mission_action__rosidl_typesupport_introspection_cExport-noconfig.cmake
[0.827s] -- Up-to-date: /home/icore/Desktop/FleetGlue/install/mission_action/share/mission_action/cmake/mission_action__rosidl_typesupport_cExport.cmake
[0.827s] -- Up-to-date: /home/icore/Desktop/FleetGlue/install/mission_action/share/mission_action/cmake/mission_action__rosidl_typesupport_cExport-noconfig.cmake
[0.827s] -- Up-to-date: /home/icore/Desktop/FleetGlue/install/mission_action/share/mission_action/cmake/mission_action__rosidl_typesupport_introspection_cppExport.cmake
[0.827s] -- Up-to-date: /home/icore/Desktop/FleetGlue/install/mission_action/share/mission_action/cmake/mission_action__rosidl_typesupport_introspection_cppExport-noconfig.cmake
[0.827s] -- Up-to-date: /home/icore/Desktop/FleetGlue/install/mission_action/share/mission_action/cmake/mission_action__rosidl_typesupport_cppExport.cmake
[0.827s] -- Up-to-date: /home/icore/Desktop/FleetGlue/install/mission_action/share/mission_action/cmake/mission_action__rosidl_typesupport_cppExport-noconfig.cmake
[0.827s] -- Up-to-date: /home/icore/Desktop/FleetGlue/install/mission_action/share/mission_action/cmake/export_mission_action__rosidl_generator_pyExport.cmake
[0.827s] -- Up-to-date: /home/icore/Desktop/FleetGlue/install/mission_action/share/mission_action/cmake/export_mission_action__rosidl_generator_pyExport-noconfig.cmake
[0.827s] -- Up-to-date: /home/icore/Desktop/FleetGlue/install/mission_action/share/mission_action/cmake/rosidl_cmake-extras.cmake
[0.828s] -- Up-to-date: /home/icore/Desktop/FleetGlue/install/mission_action/share/mission_action/cmake/ament_cmake_export_dependencies-extras.cmake
[0.828s] -- Up-to-date: /home/icore/Desktop/FleetGlue/install/mission_action/share/mission_action/cmake/ament_cmake_export_include_directories-extras.cmake
[0.828s] -- Up-to-date: /home/icore/Desktop/FleetGlue/install/mission_action/share/mission_action/cmake/ament_cmake_export_libraries-extras.cmake
[0.828s] -- Up-to-date: /home/icore/Desktop/FleetGlue/install/mission_action/share/mission_action/cmake/ament_cmake_export_targets-extras.cmake
[0.828s] -- Up-to-date: /home/icore/Desktop/FleetGlue/install/mission_action/share/mission_action/cmake/rosidl_cmake_export_typesupport_targets-extras.cmake
[0.828s] -- Up-to-date: /home/icore/Desktop/FleetGlue/install/mission_action/share/mission_action/cmake/rosidl_cmake_export_typesupport_libraries-extras.cmake
[0.828s] -- Up-to-date: /home/icore/Desktop/FleetGlue/install/mission_action/share/mission_action/cmake/mission_actionConfig.cmake
[0.828s] -- Up-to-date: /home/icore/Desktop/FleetGlue/install/mission_action/share/mission_action/cmake/mission_actionConfig-version.cmake
[0.828s] -- Up-to-date: /home/icore/Desktop/FleetGlue/install/mission_action/share/mission_action/package.xml
[0.831s] Invoked command in '/home/icore/Desktop/FleetGlue/build/mission_action' returned '0': CMAKE_PREFIX_PATH=${CMAKE_PREFIX_PATH}:/home/icore/Desktop/FleetGlue/install/fleet_mission:/opt/ros/humble /usr/bin/cmake --install /home/icore/Desktop/FleetGlue/build/mission_action
